131,5.7353576300095535
132,5.7276812816152765
133,5.722539575732484
134,5.723349128450666
135,5.7269287109375
136,5.721763980631926
137,5.722339897739644
138,5.721525805337088
139,5.716869797025408
140,5.7166561253216805
141,5.717615404907538
142,5.717971709309792
143,5.71558606381319
144,5.718019558458912
145,5.7165676331033515
146,5.718370189472121
147,5.7150962352752686
148,5.714124197862586
149,5.715093184490593
150,5.70955955738924
151,5.710263417691601
152,5.712546051764975
153,5.710928021645059
154,5.7125880961515465
155,5.707596613436329
156,5.704440768884153
157,5.704690699674646
158,5.709868562464812
159,5.706439212876923
160,5.706648111343384
161,5.703190925169964
162,5.701299424074134
163,5.705140902071583
164,5.705110700763002
165,5.701986089044688
166,5.701021072815876
167,5.701588110047943
168,5.69951512862225
169,5.697199500336939
170,5.698918298799164
171,5.69501612137775
172,5.700486528630159
173,5.695110019372434
174,5.697044839664382
175,5.696506266691247
176,5.690764665603638
177,5.692016548039962
178,5.695438336352913
179,5.695126601627895
180,5.695351308705855
181,5.69258231532817
182,5.688935635041218
183,5.688683008661076
184,5.690437287700419
185,5.690511693759841
186,5.685369282352681
187,5.690663478812393
188,5.6888563973563055
189,5.691556984064531
190,5.6882515488838665
191,5.686722181281265
192,5.686620809593979
193,5.68731563431876
194,5.6845748327216326
195,5.683160562904513
196,5.688003048604848
197,5.679875038108047
198,5.6818826879773825
199,5.68427283909856
200,5.683951012942256
201,5.679537709878415
202,5.682187552354773
203,5.679764742753943
204,5.680447724400734
205,5.676947992675158
206,5.681350420932381
207,5.677645838990504
208,5.676414124819697
209,5.676854824533268
210,5.6768501388783354
211,5.680363805926576
212,5.677520095085611
213,5.675931463436204
214,5.679092412092248
215,5.675471704833361
216,5.675956516849752
217,5.674917814682941
218,5.6748146378264135
219,5.6781629640228894
220,5.674098827400986
221,5.669447509609923
222,5.672384690265266
223,5.676296423892586
224,5.668247748394402
225,5.672432777832966
226,5.66574553567536
227,5.673673892507748
228,5.670430767292879
229,5.668603035868431
230,5.671010173096949
231,5.668909681086638
232,5.668280110067251
233,5.665034620129332
234,5.66719170005954
235,5.6652882050494755
236,5.665724365078673
237,5.666106880927573
238,5.663729784440021
239,5.662899640141701
240,5.664018159009973
241,5.66551331111363
242,5.661494133423786
243,5.657058710954627
244,5.667111839566912
245,5.663598863445983
246,5.662779394461184
247,5.662398858946197
248,5.6600037740201365
249,5.664521854750964
250,5.6589867825410805
251,5.6577537059783936
252,5.6616665684447
253,5.662740717128831
254,5.660017539043816
255,5.660025966410735
256,5.6618949199209405
257,5.65690709620106
258,5.659832292673539
259,5.659024511064802
260,5.657394929808014
261,5.659659366218412
262,5.658724273954119
263,5.654787725331832
264,5.652942477440347
265,5.657947199685233
266,5.656816443618463
267,5.654613752754367
268,5.64937830457882
269,5.65332233662508
270,5.658211420993416
271,5.653421027319772
272,5.65550591994305
273,5.649262705627753
274,5.652689237983859
275,5.651473677888209
276,5.649092114701563
277,5.652760826811498
278,5.650533471788679
279,5.6510602941318435
280,5.653491754921115
281,5.653346528812331
282,5.651327142910081
283,5.649909184903515
284,5.645689122530879
285,5.650851799517262
286,5.647586267821643
287,5.644126322804665
288,5.646361278027904
289,5.650211222317754
290,5.650324957711356
291,5.649096999849592
292,5.646892022113411
293,5.649974594310838
294,5.648038397029954
295,5.643847509306305
296,5.64741232443829
297,5.643322930044057
298,5.646305960051867
299,5.645282560465287
300,5.643466277998321
301,5.642795956864649
302,5.643831170335108
303,5.644621834463003
304,5.6467540312786495
305,5.641896087296155
306,5.641346449754676
307,5.642910203155206
308,5.643801032280435
309,5.642647908658398
310,5.642746506905069
311,5.642612102080364
312,5.64365013764829
313,5.643573556627546
314,5.6386904619177995
315,5.641080831994816
316,5.640673004851049
317,5.640073674065726
318,5.640449806135528
319,5.640443573192674
320,5.638039087762638
321,5.640689489792805
322,5.6346664915279465
323,5.6378185895024515
324,5.639187087818068
325,5.63616418838501
326,5.636831074344869
327,5.638372786191045
328,5.636806342066551
329,5.635628004463351
330,5.634936537061419
331,5.638501259745384
332,5.636798435327958
333,5.635777371270316
334,5.635260202446762
335,5.633463835229679
336,5.637397644471149
337,5.636715572707507
338,5.633403340164496
339,5.631710524461707
340,5.635251020898624
341,5.632976624430443
342,5.634432568842051
343,5.6350551527373645
344,5.634895514468758
345,5.634749587701291
346,5.63241432151016
347,5.629222363841777
348,5.631363688683023
349,5.631486610490448
350,5.629939089016038
351,5.628511929998592
352,5.627800488958553
353,5.628287315368652
354,5.632481093309363
355,5.6295512647044905
356,5.626588213200471
357,5.628839862589934
358,5.630207918128189
359,5.630899730993777
360,5.627746265761706
361,5.629343052299655
362,5.624826917842943
363,5.624945426473812
364,5.625085611732638
365,5.629655020577567
366,5.626209984020311
367,5.626861027308872
368,5.626149722508022
369,5.627341216924239
370,5.626855032784598
371,5.626325266701834
372,5.624934882533793
373,5.622902101399947
374,5.623934210563193
375,5.62656788436734
376,5.623129839799842
377,5.623745884214129
378,5.623930989479532
379,5.625717761565228
380,5.625761255926015
381,5.62409784355942
382,5.6274034587704405
383,5.627264708888774
384,5.624280267832231
385,5.621615322268739
386,5.620873178754534
387,5.627116728802116
388,5.61988572685086
389,5.619920151574271
390,5.618067668408764
391,5.623459611620222
392,5.620957106960063
393,5.623323980642825
394,5.623108357799296
395,5.621546127358261
396,5.62207385471889
397,5.622166915815704
398,5.618290983900732
399,5.622387574643505
400,5.618593327853144
401,5.616943223135812
402,5.619818254392975
403,5.61504856421023
404,5.6179399344385885
405,5.619231545195287
406,5.617196608562859
407,5.618741546358381
408,5.620474036859006
409,5.619416022787289
410,5.618847929701513
411,5.618918195062754
412,5.615995606597589
413,5.616797432607534
414,5.620167206744759
415,5.617799909747377
416,5.617002127121906
417,5.616086940376126
418,5.616221768515451
419,5.616267608136547
420,5.615870704456252
421,5.61612285886492
422,5.6161341472547885
423,5.614976936457109
424,5.613884434408071
425,5.6144238150849635
426,5.614985879586667
427,5.612200002281034
428,5.6142149750067265
429,5.6150082520076205
430,5.613121889075455
431,5.612168696461891
432,5.607669465395869
433,5.613625502099796
434,5.614433361559498
435,5.611704568473661
436,5.611280927852708
437,5.6144649057972185
438,5.610775446405216
439,5.613451884717358
440,5.613784356993072
441,5.612770304387929
442,5.612925145090843
443,5.607269389288766
444,5.611098338146599
445,5.612663234983172
446,5.613953215735299
447,5.609679470256883
448,5.613049580126392
449,5.611293306156081
450,5.60831973504047
451,5.610472854302854
452,5.607218241205021
453,5.612538537200616
454,5.609972841885625
455,5.608558139022516
456,5.611119717967753
457,5.612074628168223
458,5.6056026439277495
459,5.6066915453696735
460,5.604435589848732
461,5.6053904903178315
462,5.607591273833294
463,5.608384302684239
464,5.607320508178399
465,5.606310445435193
466,5.6067348402373645
467,5.611875636237008
468,5.60385504060862
469,5.610340580648305
470,5.607056014391841
471,5.602373731379607
472,5.607140755166813
473,5.606671508477659
474,5.60730351233969
475,5.6062027386256625
476,5.6107663086482455
477,5.606985719836488
478,5.606131203320562
479,5.605003118515015
480,5.6027646016101444
481,5.601101933693399
482,5.603144129928277
483,5.6047080682248485
484,5.6012773367823385
485,5.603296382086618
486,5.6028344679851925
487,5.603998753489281
488,5.604420730045864
489,5.6010463189105595
490,5.602603635009454
491,5.604395730154855
492,5.598870150896968
493,5.600778278039426
494,5.603093925787478
495,5.602547669897274
496,5.603270530700684
497,5.605613153807971
498,5.601208336499273
499,5.600318772452218
500,5.599844538435644
501,5.600659341228251
502,5.596402975977684
503,5.600851419020672
504,5.599068661125338
505,5.6022979288685075
506,5.597122795727788
507,5.595323168501562
508,5.599664454557458
509,5.601893171972158
510,5.5994139496161015
511,5.599793818532204
512,5.5970934897052995
513,5.599043471472604
514,5.598447035770027
515,5.596900774508106
516,5.60021692879346
517,5.596035913545258
518,5.596142068201182
519,5.596254139530416
520,5.601108779712599
521,5.5988632610866
522,5.596060636092205
523,5.601489524452054
524,5.59885954370304
525,5.594082637709015
526,5.601439738760189
527,5.600237116521718
528,5.5971145289284845
529,5.596056607304787
530,5.594190417503824
531,5.597210256420836
532,5.597853704374664
533,5.5941804623117255
534,5.597103483822881
535,5.594608345810248
536,5.59344787013774
537,5.595432588032314
538,5.59440786011365
539,5.594366068742713
540,5.59527055098086
541,5.594084009832265
542,5.593147735206449
543,5.595730723166953
544,5.593497777471737
545,5.593213387898037
546,5.596372122667273
547,5.593016196270378
548,5.597773128626298
549,5.593618066943422
550,5.592507775948972
551,5.597887885813811
552,5.591356647257903
553,5.596087042166262
554,5.5924162475430235
555,5.593208225405946
556,5.588502295163213
557,5.5936371598924906
558,5.593312715997501
559,5.59333492785084
560,5.588862876502835
561,5.5928395183718935
562,5.591950878805044
563,5.590389665292234
564,5.589004866930903
565,5.592446915957392
566,5.591742671265894
567,5.59247308361287
568,5.593147861714265
569,5.589411652818018
570,5.588749695797356
571,5.590193164591887
572,5.591697425258403
573,5.59042610927504
574,5.590502271846849
575,5.592524596623012
576,5.587460128628478
577,5.5944792640452485
578,5.593007063379093
579,5.591677957651567
580,5.587516497592537
581,5.590534078831575
582,5.585746565643622
583,5.58810704095023
584,5.592379647858289
585,5.5882700706014825
586,5.590525374120595
587,5.584498337336949
588,5.592783704095957
589,5.589305206220978
590,5.587128799788806
591,5.586149711998141
592,5.587561767928454
593,5.586243118558611
594,5.585224672239654
595,5.587822797347088
596,5.586994837741463
597,5.589637435212428
598,5.585001862778956
599,5.586167150614213
600,5.58545554900656
601,5.585968800953457
602,5.5892473824170175
603,5.585791179112026
604,5.583912163364644
605,5.587509471542981
606,5.586006339715452
607,5.586926372683778
608,5.584258595291449
609,5.5846714876136
610,5.5866393069831695
611,5.583384757139245
612,5.586014110214856
613,5.585649076773196
611,5.9658186095101495
612,6.046344985767287
613,6.15921663264839
614,6.210587345823949
615,6.197981377037204
616,6.221478622786853
617,6.234578225077415
618,6.203163604347074
619,6.215039983087657
620,6.20806546113929
621,6.225002561296735
622,6.24054673739842
623,6.223126683916364
624,6.25582252229963
625,6.222410644803729
626,6.230799417106473
627,6.227479029674919
628,6.212646893092564
629,6.2260835997912345
630,6.207558743807734
631,6.209634853869068
632,6.292596972718531
633,6.265723851262306
634,6.256317158134616
635,6.251302709384841
636,6.232453200281883
637,6.254495362846219
638,6.239268604589968
639,6.234118743818634
640,6.244474021755919
641,6.230336091956314
642,6.2417983522220535
643,6.245627014004454
644,6.253412042345319
645,6.225844164283908
646,6.226591971455788
647,6.221057726412403
648,6.220965716303612
649,6.23955513993088
650,6.2339873070619545
651,6.22256326675415
652,6.236615594552488
653,6.252517680732572
654,6.242158120992232
655,6.209290947232928
656,6.212802857768779
657,6.222310406821115
658,6.222421748297555
659,6.215831075395856
660,6.219043794943362
661,6.230201711460036
662,6.237579131612972
663,6.236928409459639
664,6.2413049717338716
665,6.230960529677722
666,6.234931084574486
667,6.237693455754494
668,6.2091794695172995
669,6.252924675844153
670,6.222254612007919
671,6.245759973720628
672,6.217699921860987
673,6.23849530122718
674,6.235980919429234
675,6.227978560389305
676,6.261762823377337
677,6.238363236797099
678,6.275705035851926
679,6.279196987346727
680,6.267318783974161
681,6.270869576201147
682,6.289523085769342
683,6.255024588837916
684,6.235850003300881
685,6.242532253265381
686,6.2376203245046185
687,6.244136270211667
688,6.25324331011091
689,6.2409257742823385
690,6.250006719511383
691,6.283175526833047
692,6.272195781980242
693,6.287925029287533
694,6.273791478604687
695,6.268193994249616
696,6.261119005631428
697,6.263373608491858
698,6.245462729006397
699,6.252788134983608
700,6.233219623565674
701,6.24301552772522
702,6.2431241346865285
703,6.24787467353198
704,6.245982608016656
705,6.249470029558454
706,6.24766324490917
707,6.227162263831314
708,6.243161293925072
709,6.235230801056843
710,6.254436385874846
711,6.23533423579469
712,6.242395016611839
713,6.2719733082518285
714,6.258681657362957
715,6.256513293908567
716,6.250290778218483
717,6.239654176089228
718,6.2509777108017275
719,6.231331470061321
720,6.241754215590808
721,6.237527234213693
722,6.2399738808067475
723,6.242911893494275
724,6.270706415176392
725,6.242135996721228
726,6.237824347554421
727,6.26080170456244
728,6.2420750199532025
729,6.243665267010124
730,6.238533652558619
731,6.246486328086075
732,6.242579056292164
733,6.25113278019185
734,6.2461910539743855
735,6.255862002470056
736,6.246179317941471
737,6.235878418902962
738,6.253418625617514
739,6.232722846829161
740,6.237733568464007
741,6.257002776982833
742,6.259314240241538
743,6.236757030292433
744,6.318124863566185
745,6.308869337549015
746,6.28318392987154
747,6.269583186324762
748,6.273757073344017
749,6.281357220241001
750,6.266985299635906
751,6.260380613560579
752,6.244009071466874
753,6.27529113633292
754,6.258499091985274
755,6.244632103005234
756,6.243614352479273
757,6.239978790283203
758,6.264286751649817
759,6.2600553765588876
760,6.25375552566684
761,6.245752276206503
762,6.239695753370013
763,6.254110277915488
764,6.255449066356737
765,6.240954423437313
766,6.258917103008348
767,6.256906280712205
768,6.256685388331511
769,6.240231397200604
770,6.245117966009646
771,6.245736482192059
772,6.249193444543955
773,6.236455970880937
774,6.286281858171735
775,6.2662951800287985
776,6.2588803232932575
777,6.248912597189144
778,6.255266447456515
779,6.248796326773507
780,6.262959937660062
781,6.2698357445853095
782,6.2866833064020895
783,6.280519081621754
784,6.248328330565472
785,6.264182008042628
786,6.260132833402984
787,6.256802072330397
788,6.26224575237352
789,6.254296546079675
790,6.25418251387927
791,6.256131979883934
792,6.251204203586189
793,6.233066082000732
794,6.2576919672440505
795,6.254214569013946
796,6.251174250427558
797,6.254794782521773
798,6.24410478436217
799,6.251727454516352
800,6.2595290359185665
801,6.253925046142267
802,6.257471892298485
803,6.251407146453857
804,6.293779528870875
805,6.268707002912249
806,6.27041431349151
807,6.258491151186885
808,6.24243579105455
809,6.257604443297094
810,6.270295439934244
811,6.276806612404025
812,6.2554750247877475
813,6.370634414711777
1,6.746054021679625
2,6.688800549020573
3,6.681742522181297
4,6.5586183217107035
5,6.511370430187303
6,6.430126472395294
7,6.345396791185651
8,6.367194054078083
9,6.353532285106425
10,6.372714247022357
11,6.35253441577055
12,6.37644657796743
13,6.364559699077995
14,6.344452366536977
15,6.3933262095159415
16,6.34683953985876
17,6.354263242410154
18,6.380700880167436
19,6.373553256599271
20,6.380431141172137
21,6.350400258083733
22,6.3555203895179595
23,6.36113175080747
24,6.342001345692848
25,6.345296095828621
26,6.343584274759098
27,6.403898151553407
28,6.390605420482402
29,6.378044079761116
30,6.389254915470979
31,6.390834166079151
32,6.376803763058721
33,6.378173224780024
34,6.393477887523417
35,6.381084378884763
36,6.403227085969886
37,6.363823267878319
38,6.400736497372997
39,6.383673419757765
40,6.3819441746692265
41,6.393624432232915
42,6.395917765948237
43,6.382273114457423
44,6.365361126101747
45,6.388834009365159
46,6.369135924748012
47,6.3855518759513386
48,6.3866258397394295
49,6.393241775279143
50,6.386458153627356
51,6.420188679987071
52,6.444944741774578
53,6.42767056153745
54,6.397364441229373
55,6.424714662590805
56,6.395295926502773
57,6.43108166480551
58,6.3782908381248005
59,6.381635344758326
60,6.388432502746582
61,6.39192043031965
62,6.393633282914454
63,6.405865640056376
64,6.3960509884114165
65,6.410143808442719
66,6.39742449838288
67,6.4048110465614165
68,6.418166841779437
69,6.391640405265653
70,6.41599608927357
71,6.388541031856926
72,6.385354830294239
73,6.395432443034892
74,6.37151517186846
75,6.3952025248079885
76,6.381762781921698
77,6.390196089841882
78,6.429767774075878
79,6.4242484423579
80,6.397620960157745
81,6.403589453016009
82,6.391981893656205
83,6.407719811614679
84,6.418985021357634
85,6.395748177353217
86,6.405143071194084
87,6.397640753765495
88,6.40168115070888
89,6.407878384298208
90,6.389687713311643
91,6.393019316147785
92,6.434694932431591
93,6.387898192113759
94,6.386741005644506
95,6.389048571489295
96,6.392558963931337
97,6.404769863401141
98,6.422421761921474
99,6.390193321266953
100,6.430122351159855
101,6.430686780384609
102,6.438408155830539
103,6.400870123688056
104,6.411495505547037
105,6.432460984405206
106,6.42671242052195
107,6.395345201297682
108,6.412177299966618
109,6.41176742923503
110,6.400501382594206
111,6.458380918113553
112,6.4519170060449715
113,6.409216277453364
114,6.429893046009298
115,6.418480931496133
116,6.410592590059553
117,6.409487223138615
118,6.431103550657934
119,6.522387777056013
120,6.549263156190211
121,6.547898336332672
122,6.532625417320096
123,6.552574391267737
124,6.5597467665769615
125,6.550161799606012
126,6.541112870586161
127,6.531648952133802
128,6.5452607699802945
129,6.593617565777837
130,6.580860624507982
131,6.551067410683145
132,6.539130244936262
133,6.547750852545914
134,6.558811056370637
135,6.539183830728336
136,6.55357432851986
137,6.531664264445403
138,6.534451105156723
139,6.5540931224823
140,6.547059229442051
141,6.5592628790407765
142,6.573544867184697
143,6.592252960010451
144,6.563723549550893
145,6.598399196352277
146,6.573809891330953
147,6.559617699409018
148,6.581622722197552
149,6.575988730605768
150,6.570507122545826
151,6.5843393462044855
152,6.5874175879420065
153,6.575112921851022
154,6.588319598412027
155,6.58976918823865
156,6.6862949157247735
157,6.678820123477858
158,6.660946271857437
159,6.588616512259659
160,6.755802723826195
161,6.658612922746308
162,6.604916037345419
163,6.64397009051576
164,6.628138006949912
165,6.669414096949052
166,6.712296013929406
167,6.70211505403324
168,6.680237546259043
169,6.660935460304727
170,6.689515050576658
171,6.696784608218135
172,6.690459840151728
173,6.677335685613204
174,6.681717167095262
175,6.6691876917469255
176,6.665598888786471
177,6.699432538480175
178,6.6830271652766635
179,6.687191389044937
180,6.66064823890219
181,6.657006161553519
182,6.649101062696808
183,6.666278050870312
184,6.692785350643859
185,6.666737945712343
186,6.6949199024511845
187,6.662195453838426
188,6.650741582014123
189,6.687534332275391
190,6.698844788025837
191,6.691557446304633
192,6.700439530975965
193,6.6493697409727135
194,6.665443546917974
195,6.682624500624987
196,6.716275935270349
197,6.733247907794252
198,6.719412638216602
199,6.751159006235551
200,6.7431419966172195
201,6.737202259959007
202,6.735611798811932
203,6.731290666424498
204,6.732604026794434
205,6.773217128247631
206,6.730492509141261
207,6.764984398472066
208,6.799949616801982
209,6.79734543878205
210,6.887868302209037
211,6.845330218879544
212,6.799461286895129
213,6.790128119137822
214,6.7913989388212865
215,6.76635523231662
216,6.78068428623433
217,6.8015245661443595
218,6.748064328213127
219,6.736201802078559
220,6.7484930388781486
221,6.750007050377982
222,6.76254694315852
223,6.758736527695948
224,6.73895881127338
225,6.744348195134377
226,6.748155306796638
227,6.771647054321912
228,6.748049054827009
229,6.746998407402817
230,6.749364828576847
231,6.74411627711082
---------------------
1,6.732453939866047
2,6.5354644327747575
3,6.406932923258568
4,6.34600001938489
5,6.294896884840362
6,6.247173513684954
7,6.202437683027618
8,6.159395655807184
9,6.117426103475142
10,6.090427272173823
11,6.073302804207315
12,6.057249487662802
13,6.033360374217131
14,6.01942828236794
15,6.015099369749731
16,5.9973079525694555
17,5.988815662812214
18,5.972524278017939
19,5.953771999904087
20,5.947525486654165
21,5.931641972794825
22,5.9246108969863585
23,5.918753959694687
24,5.9117172591540275
25,5.902051765091565
26,5.897033316748483
27,5.886377894148534
28,5.8818300208266905
29,5.876373870032174
30,5.863969588766293
31,5.862581384425261
32,5.856982965858615
33,5.8495997993313535
34,5.849602261368109
35,5.839873566919444
36,5.838496577983
37,5.835406264480279
38,5.823831889094139
39,5.818675157975178
40,5.819325534664855
41,5.814050071093501
42,5.80294859166048
43,5.806877433037271
44,5.801936169059909
45,5.797322667374903
46,5.789470195770264
47,5.796473678277463
48,5.790460995265415
49,5.780956088280191
50,5.784242338063765
51,5.7761165463194555
52,5.7773003578186035
53,5.772159177429822
54,5.766680654214353
55,5.764069250651768
56,5.763557687097666
57,5.7592345062567265
58,5.756238976303412
59,5.750928319230372
60,5.7567456498438
61,5.748380792384245
62,5.748566797801426
63,5.743975566357983
64,5.740471810710673
65,5.739471211725352
66,5.7391758208372154
67,5.735688443086585
68,5.736695065790293
69,5.734465808284526
70,5.727400755395695
71,5.734427252594306
72,5.728036500969711
73,5.723852361951556
74,5.7228182189318595
75,5.714210013954007
76,5.715587868982432
77,5.722385411359826
78,5.717165951826135
79,5.713706692870782
80,5.710743767874582
81,5.708151009618019
82,5.704022339412144
83,5.704030226687996
84,5.70514355873575
85,5.698469706944057
86,5.701757275328344
87,5.701088520945335
88,5.699583233619223
89,5.698949711663382
90,5.696217137940076
91,5.69918856815416
92,5.691651480538504
93,5.690125324288193
94,5.683992814044563
95,5.687206336430141
96,5.685926914215088
97,5.681554083921472
98,5.686506076734894
99,5.682108810969761
100,5.677423010067064
101,5.676879547080215
102,5.670490897431666
103,5.67355201682266
104,5.67022198073718
105,5.671154061142279
106,5.6701939154644405
107,5.665093397607609
108,5.667178377813222
109,5.663808520959348
110,5.662790103834503
111,5.662790244939376
112,5.661204347805101
113,5.65522237699859
114,5.658704387898347
115,5.6568533255129445
116,5.654578432744863
117,5.658221964933435
118,5.658440088739201
119,5.648913437006425
120,5.6524452384637325
121,5.6465557935286546
122,5.649776507397087
123,5.648598257376223
124,5.651172282744427
125,5.644974650168906
126,5.642232267224059
127,5.6420747649912935
128,5.6413885768578975
129,5.638619247747927
130,5.638850406724579
131,5.633511222138697
132,5.639197870176666
133,5.639200434392812
134,5.635443084093989
135,5.6335464594315505
136,5.627884373372915
137,5.630726215790729
138,5.626403059278216
139,5.6309646878923685
140,5.627597619076164
141,5.626898901803153
142,5.627187305567216
143,5.624884936274315
144,5.623329814599485
145,5.623576281022053
146,5.6193505355290005
147,5.620208132023714
148,5.618385762584452
149,5.620522002784574
150,5.619980471474784
151,5.618627791502038
152,5.616011502791424
153,5.614596026284354
154,5.61059772725008
155,5.613313509493458
156,5.618279457092285
157,5.611775841031756
158,5.6138975328328655
159,5.613482781818935
160,5.608441708039265
161,5.607065633851654
162,5.605418487470978
163,5.605277061462402
164,5.604404162387459
165,5.60721797359233
166,5.599911684892615
167,5.602627111940968
168,5.606871541665525
169,5.603271674136726
170,5.6014891157344895
171,5.597433134001129
172,5.601207295242621
173,5.601601454676414
174,5.600846811216705
175,5.596082337048589
176,5.596907333451874
177,5.593746657274207
178,5.5947858508752315
179,5.596465767646323
180,5.597391804870294
181,5.593777593301267
182,5.597356728145054
183,5.593428407396589
184,5.592129298618862
185,5.590272611501265
186,5.590878593678377
187,5.587790552450686
188,5.590306880522747
189,5.584638950776081
190,5.5873172477800015
191,5.588235100921319
192,5.586713012383909
193,5.5855196933357085
194,5.586429109378737
195,5.586613426403123
196,5.58253323301977
197,5.582597664424351
198,5.58356346889418
199,5.585319377938095
200,5.587623104757192
201,5.579366815333464
202,5.5792491484661495
203,5.581391670265976
204,5.5795078520872154
205,5.580406578219667
206,5.578214728102392
207,5.576230321611677
208,5.576590747249369
209,5.5762495945911015
210,5.580307590718172
211,5.579736296011477
212,5.573700861055023
213,5.572346721376691
214,5.571480313125922
215,5.569552514017845
216,5.570135272279078
217,5.573996947736156
218,5.5729714510392165
219,5.5725883123826
220,5.570668181594537
221,5.573468349417862
222,5.570356344690128
223,5.572397830534954
224,5.572300511963514
225,5.568189737748127
226,5.567513898927338
227,5.568567655524429
228,5.569609316027894
229,5.564578688874537
230,5.564572971694323
231,5.565563727398308
232,5.564243662114046
233,5.561628784452166
234,5.566098466211436
235,5.562269312994821
236,5.5625454017094205
237,5.563072472202535
238,5.563926701643029
239,5.56245985323069
240,5.56044433068256
241,5.561563978389818
242,5.560134731993383
243,5.560447765856373
244,5.5559525246522865
245,5.55618725504194
246,5.556882337648041
247,5.560591488468404
248,5.5600453444889615
249,5.556003765184052
250,5.553727894413228
251,5.559416663889983
252,5.5539286915136845
253,5.55675381543685
254,5.551706854177981
255,5.55638253445528
256,5.555510185202774
257,5.551359828637571
258,5.552792987044977
259,5.555913462930796
260,5.5540216844909045
261,5.551248419041536
262,5.552332260170761
263,5.553833236499709
264,5.549082804699333
265,5.550691677599537
266,5.547691160318803
267,5.549599117162276
268,5.549642528806414
269,5.549189372938507
270,5.552230046719921
271,5.547061331418096
272,5.543686029862385
273,5.547065379668255
274,5.550429533938972
275,5.545264360856037
276,5.545184733916302
277,5.544922896793911
278,5.542501624749631
279,5.544494721354271
280,5.541097874544104
281,5.546099370839644
282,5.543582964916618
283,5.544625365004247
284,5.541439367800343
285,5.540460844429171
286,5.538128517111954
287,5.542965339154613
288,5.540874758545233
289,5.541184824340197
290,5.538876976285662
291,5.538998633014913
292,5.539988435044581
293,5.540467816956189
294,5.5395094131936835
295,5.537906583474607
296,5.534363697986214
297,5.536594780123964
298,5.534474815641131
299,5.537583171104898
300,5.537436504753268
301,5.53563236703678
302,5.537157642598054
303,5.5365018504006525
304,5.532623354269534
305,5.5346342787450675
306,5.532098614439672
307,5.534458637237549
308,5.5318146189864805
309,5.533464271195081
310,5.5331973737599895
311,5.535409469993747
312,5.532797847475324
313,5.530851106254422
314,5.532665554358035
315,5.5290902488085685
316,5.530722248310945
317,5.5300319438077965
318,5.528546211670856
319,5.529563149627374
320,5.530654303881587
321,5.5268294276023395
322,5.5302627524551085
323,5.524979727608817
324,5.528683866773333
325,5.531324483910385
326,5.52862515741465
327,5.526449086714764
328,5.529327596936907
329,5.524624449866159
330,5.529365666058599
331,5.524523477165067
332,5.523056307617499
333,5.527191147512319
334,5.524070160729544
335,5.525383506502424
336,5.526584790677441
337,5.524921018250135
338,5.528396343698307
339,5.521084571371273
340,5.520239800822978
341,5.521703739555514
342,5.523442088341226
343,5.524349704080699
344,5.52221231557885
345,5.522797968922829
346,5.520614492649934
347,5.521344452488179
348,5.521336837690704
349,5.5184719757157925
350,5.521201887909247
351,5.5181498089615175
352,5.52091739129047
353,5.5183716647478995
354,5.520874276453135
355,5.518031533883542
356,5.517675171093065
357,5.5209222131845905
358,5.518167130801142
359,5.513716055422413
360,5.513517880926327
361,5.51934232030596
362,5.516721068596353
363,5.513456772784798
364,5.515728712081909
365,5.518935218149302
366,5.517922897728122
367,5.512715378586127
368,5.51501439055618
369,5.517175718229645
370,5.511944546991465
371,5.513237028705831
372,5.50848421758535
373,5.51604716631831
374,5.51109301314062
375,5.511714336823444
376,5.514280961484325
377,5.51390772449727
378,5.510178089141846
379,5.51039431533035
380,5.515054143204981
381,5.512682729837846
382,5.51217321473725
383,5.507531136882548
384,5.515410282173935
385,5.510572044216857
386,5.508606667421302
387,5.509326516365518
388,5.5093859847711055
389,5.507558146301581
390,5.505564241993184
391,5.506999283420797
392,5.507412934789852
393,5.5100578823868105
394,5.510508396187607
395,5.502512683673781
396,5.507381234850202
397,5.5052434376307895
398,5.507034063339233
399,5.505733835453889
400,5.5086484490608685
401,5.504222865007361
402,5.502953514760854
403,5.507155189708787
404,5.506093506910363
405,5.503906639254823
406,5.503564421011477
407,5.5062004741357296
408,5.502024266184593
409,5.506633807201775
410,5.504442312279526
411,5.4993548344592655
412,5.502858906376119
413,5.505276577813285
414,5.501749447413853
415,5.498327264980394
416,5.50226134670024
417,5.501126829458743
418,5.500346553568938
419,5.501633361894257
420,5.503560129477053
421,5.500713260806337
422,5.497027796141955
423,5.497131440104271
424,5.4996441724349046
425,5.498051224922647
426,5.499967468028166
427,5.497060274591251
428,5.495975139189739
429,5.497609172548566
430,5.500440446697936
431,5.49589822243671
432,5.496398541392113
433,5.501706317979462
434,5.496388722439201
435,5.497236976818162
436,5.496890817369733
437,5.493987380241861
438,5.495668007403004
439,5.494397134197001
440,5.499060460499355
441,5.4954261049932365
442,5.495852908309625
443,5.491465797229689
444,5.493508372988019
445,5.497920372048203
446,5.494705312106074
447,5.49088343795465
448,5.498159856212382
449,5.492627104934381
450,5.495420183454241
451,5.491200933651048
452,5.493486681763007
453,5.489585107686568
454,5.492362397057669
455,5.490973482326585
456,5.494667588448038
457,5.4900942140696
458,5.491467325054869
459,5.489320287899095
460,5.4912994832408675
461,5.487335570004522
462,5.491668277857255
463,5.489928488828698
464,5.485372416827143
465,5.488653796059745
466,5.488650210049688
467,5.4862358910696845
468,5.491281436414135
469,5.488908466027707
470,5.486719982964652
471,5.486676060423559
472,5.487690862344236
473,5.483813115528652
474,5.4861690803449985
475,5.48727561016472
476,5.489767862825977
477,5.484082436075016
478,5.485129497489151
479,5.484714770803646
480,5.486458029065814
481,5.487935178133906
482,5.483271486905156
483,5.484805939148884
484,5.482181145220387
485,5.481829896265147
486,5.48697246823992
487,5.482357501983643
488,5.4858103382344146
489,5.484113046101162
490,5.482522906089316
491,5.481236560004098
492,5.482824885115331
493,5.484557326959104
494,5.483014656572926
495,5.4776575711308695
496,5.47938084602356
497,5.483832052775791
498,5.481429932068806
499,5.481824047711431
500,5.480714686062871
501,5.480456074889825
502,5.483411059087636
503,5.479287371343496
504,5.479893037251064
505,5.4796464637834195
506,5.476903482359283
507,5.481859051451391
508,5.480047459505042
509,5.480710321543168
510,5.482172494031945
511,5.4786823623034415
512,5.479336782377594
513,5.475708445724176
514,5.475503001894269
515,5.478137517461971
516,5.476760572316695
517,5.476767350216301
518,5.476344857897077
519,5.478525555863673
520,5.474985074023811
521,5.476583831164302
522,5.474696412378428
523,5.4750142097473145
524,5.47220752677139
525,5.475459877325564
526,5.473444340180378
527,5.4744234571651536
528,5.476563127673402
529,5.474397328435158
530,5.474950435210247
531,5.473605647379038
532,5.472954136984689
533,5.478604399428075
534,5.471519903260834
535,5.47161908538974
536,5.472108690106139
537,5.471394388043151
538,5.471564940043858
539,5.473080815101157
540,5.473465968151482
541,5.47053490852823
542,5.474833931241717
543,5.469176019941058
544,5.470995649999502
545,5.471067866500543
546,5.469323742146394
547,5.470264566187956
548,5.4649487466228255
549,5.466184319282065
550,5.47229755654627
551,5.468389851706369
552,5.465325447977806
553,5.468126087772603
554,5.465694203668711
555,5.46806204075716
556,5.468411216930467
557,5.467853560739634
558,5.463777824324005
559,5.471205842738249
560,5.464542710051244
561,5.462851670323586
562,5.464922437862474
563,5.466586356260339
564,5.467007418068087
565,5.466986164754751
566,5.464122679768776
567,5.463748231226084
568,5.463122100246196
569,5.467512101543193
570,5.466482420356906
571,5.463529032103869
572,5.464331904236151
573,5.4642223533318965
574,5.464849705598792
575,5.4633166644037985
576,5.4649510578233365
577,5.465124305413694
578,5.462951747738585
579,5.4634930211670545
580,5.459942491687074
581,5.459754252920345
582,5.464284210788961
583,5.45808744430542
584,5.458996062376062
585,5.461286019305794
586,5.4625207161416816
587,5.464481305102913
588,5.464644135261069
589,5.462701330379564
590,5.463221968436728
591,5.4589272761831475
592,5.459914338831999
593,5.459522480867347
594,5.458416603049454
595,5.461358396374449
596,5.459526047414663
597,5.458846354971127
598,5.459786152353092
599,5.4568846079767965
600,5.4592288075661175
601,5.460173373319665
602,5.45788066241206
603,5.457880234231754
604,5.459083858801394
605,5.45594808520103
606,5.458461245711969
607,5.458436532896393
608,5.456730278170839
609,5.4589671358770255
610,5.456643508405102
611,5.455032226990681
612,5.454761568380862
613,5.454417403863401
614,5.454903578271671
615,5.453041276153253
616,5.4575797197770095
617,5.4598672925209515
618,5.452992103537735
619,5.453815654832489
620,5.454810191173943
621,5.4562278718364485
622,5.4539812097744065
623,5.456093569191134
624,5.455057839958036
625,5.4528937339782715
626,5.4520964476527
627,5.454513077833215
628,5.453438812372636
629,5.454048964442039
630,5.45100998878479
631,5.453548300022981
632,5.454485353158445
633,5.453244491499298
634,5.452409797785234
635,5.454161167144775
636,5.450391312034762
637,5.452016703936518
638,5.449608822258151
639,5.451293565789047
640,5.452939578465053
641,5.446786651805955
642,5.4504603950344785
643,5.450615493618712
644,5.44682562594511
645,5.449043264194411
646,5.452284949166434
647,5.450019768306187
648,5.4505520840080415
649,5.453071102804067
650,5.446289257127411
651,5.449431302596111
652,5.446778122259646
653,5.451264240303818
654,5.449312161426155
655,5.448395101391539
656,5.448037746001263
657,5.449468593208158
658,5.44599589523004
659,5.445335008660141
660,5.445181710379464
661,5.448368982392914
662,5.445824486868722
663,5.447804514242678
664,5.449613600361104
665,5.446749035192996
666,5.445389212394248
667,5.44788519703612
668,5.446186274898295
669,5.4436465623427415
670,5.446697804392601
671,5.4458882468087335
672,5.444719728158445
673,5.444215866984154
674,5.446581159319196
675,5.446721247264317
676,5.443589181316142
677,5.443388082543198
678,5.446993292594443
679,5.442668384435225
680,5.442691837038312
681,5.44369718006679
682,5.443691857007085
683,5.440698292790627
684,5.4429672883481395
685,5.441784595956608
686,5.444818326405117
687,5.4403050043145
688,5.442087878986281
689,5.439737621618777
690,5.441752827897364
691,5.441399272607297
692,5.44469538513495
693,5.443584524855321
694,5.443993422449852
695,5.436562791162608
696,5.440231722228381
697,5.440236675496004
698,5.444567952837263
699,5.438863374749008
700,5.438538147478687
701,5.436525807088735
702,5.4417803871388335
703,5.439980667464587
704,5.440955269093416
705,5.439384124716934
706,5.440339467963394
707,5.439519123155243
708,5.438501032031312
709,5.434078625270298
710,5.436769363831501
711,5.438198668616159
712,5.438640214958969
713,5.437222957611084
714,5.435606601286907
715,5.436269930430821
716,5.436484186016783
717,5.436028032886739
718,5.4360620683553265
719,5.433995592350862
720,5.433053804903614
721,5.438153904311511
722,5.43652123821025
723,5.433971064431327
724,5.435426541737148
725,5.43575753971022
726,5.43133714247723
727,5.436005344196242
728,5.434779142846867
729,5.433271777873137
730,5.434444417758864
731,5.4326660535773454
732,5.4302539338870925
733,5.433014524226286
734,5.431686902532772
735,5.432525595840143
736,5.4385011682705
737,5.435495692856458
738,5.433998998330564
739,5.4332397081414046
740,5.431463046949737
741,5.433479450186905
742,5.433307384958073
743,5.4322598321097235
744,5.431133391905804
745,5.4292637863937685
746,5.431337239790936
747,5.431796769706571
748,5.433392369017309
749,5.42788129923295
750,5.428470728348713
751,5.4320471530057945
752,5.4296969540265145
753,5.428880827767508
754,5.425032878408627
755,5.428711404605788
756,5.429395485897453
757,5.429454647764867
758,5.43017240446441
759,5.428534522348521
760,5.4290847583692905
761,5.428962167428464
762,5.4278547131285375
763,5.427794237526095
764,5.430688279015677
765,5.43007170910738
766,5.429463600625797
767,5.426997929203267
768,5.425237232325029
769,5.429084383711523
770,5.429202571207163
771,5.428178972127486
772,5.429066171451491
773,5.426444691054675
774,5.426172519216732
775,5.426167634068703
776,5.430999001678155
777,5.426600952537692
778,5.426008282875528
779,5.425023541158559
780,5.423831959160006
781,5.425694718652842
782,5.429866046321635
783,5.425829332702014
784,5.422646167326946
785,5.423109750358426
786,5.425350909330407
787,5.422460458716568
788,5.427054930706413
789,5.424360100103884
790,5.423769410775632
791,5.423368775114721
792,5.4241063448847555
793,5.427013922710808
794,5.422871385301862
795,5.424210066698035
796,5.423354513791143
797,5.426380512665729
798,5.419852101072973
799,5.423482943554314
800,5.422012664833847
801,5.42425351240197
802,5.422149132709114
803,5.425119667637105
804,5.425320323632688
805,5.419838078167974
806,5.423078828928422
807,5.420800335553228
808,5.423129524503436
809,5.421193667820522
810,5.423463582992554
811,5.4198112390479265
812,5.424386768924947
813,5.420188353986156
814,5.421648453693001
815,5.42201533609507
816,5.419586721731692
817,5.4196319288137005
818,5.418745284177819
819,5.422138978023918
820,5.420832736151559
821,5.418710110138874
822,5.420993478930726
823,5.419354258751382
824,5.421720772373433
825,5.420406419403699
826,5.423448285278009
827,5.423125174580788
828,5.420354030570206
829,5.422494771529217
830,5.415990868393256
831,5.419212180740979
832,5.41924305351413
833,5.41957273288649
834,5.416382818805928
835,5.4188006654077645
836,5.419160434177944
837,5.416539333304581
838,5.416393143790109
839,5.422708316725128
840,5.420033707910655
841,5.419873514953925
842,5.419163105439167
843,5.416106452747267
844,5.414194593624193
845,5.41751732145037
846,5.415413593759342
847,5.418033998839709
848,5.414959800486662
849,5.416267755080242
850,5.415894985198975
851,5.415941335717026
852,5.412840833469313
853,5.414725225798938
854,5.414207166554976
855,5.415017098796611
856,5.415978908538818
857,5.415637809403089
858,5.415450310220524
859,5.4147617281699665
860,5.414010986989858
861,5.41448001958886
862,5.415900230407715
863,5.413348460684017
864,5.4144714073259
865,5.413042477199009
866,5.41408870658096
867,5.411873121650851
868,5.412968129527812
869,5.416967596326556
870,5.416228484134285
871,5.415429246668913
872,5.4146227252726655
873,5.41319811587431
874,5.4143524461862995
875,5.411006815579473
876,5.414367539542062
877,5.416454358976715
878,5.410876935842086
879,5.411633768860175
880,5.414403837554309
881,5.415159103821735
882,5.413199736147511
883,5.412919711093513
884,5.418668683694333
885,5.412338324955532
886,5.411484397187525
887,5.411526173961406
888,5.414514731387703
889,5.413995460588104
890,5.413869755608695
891,5.414187402141337
892,5.411170472904128
893,5.41255158307601
894,5.412808170123976
895,5.413778363441934
896,5.41153841602559
897,5.411415027112377
898,5.4109421262935715
899,5.410597908253572
900,5.412522710099513
901,5.413883788245065
902,5.412360843347043
903,5.4145225213498485
904,5.41280223885361
905,5.412230608414631
906,5.4135342617424165
907,5.412461689540318
908,5.412304722532934
909,5.415180941017306
910,5.412706136703491
911,5.408405858643201
912,5.412632080973411
913,5.412086876071229
914,5.410741908209665
915,5.409351850042538
916,5.410739728382656
917,5.41127398549294
918,5.406549974363678
919,5.412247682104305
920,5.4105086423912825
921,5.410675180201628
922,5.410548828086075
923,5.411303150410554
924,5.410300736524621
925,5.41004398890904
926,5.412084686512849
927,5.408763812512768
928,5.412231888089861
929,5.4100284430445456
930,5.408147670784775
931,5.40944640977042
932,5.409928389957973
933,5.409276548697024
934,5.410157120957667
935,5.409147505857507
936,5.410193706045345
937,5.41055197131877
938,5.409671111982696
939,5.410257879568606
940,5.412169675437772
941,5.4093570271316835
942,5.40714431782158
943,5.410320306310848
944,5.411434081135964
945,5.406781770745102
946,5.409368189013734
947,5.4092856183344
948,5.4099873523322906
949,5.410916012160632
950,5.409466582901624
951,5.406577932591341
952,5.4079179082598
953,5.409334640113675
954,5.4040733162237675
955,5.407750698984886
956,5.409091993254059
957,5.408013251363014
958,5.408521034279648
959,5.407427257421065
960,5.406977911384738
961,5.406510581775588
962,5.407943676929085
963,5.410837518925569
964,5.412375790732248
965,5.407734116729425
966,5.410938992792246
967,5.407231885559705
968,5.408397616172324
969,5.408329136517583
970,5.411506793936905
971,5.412893679677223
972,5.409903871769807
973,5.405955411949936
974,5.409771447279016
975,5.409464072208015
976,5.409112623759678
977,5.409149719744312
978,5.407162933933492
979,5.407989662520739
980,5.410322748884862
981,5.410264073585977
982,5.408173254558018
983,5.410215081000815
984,5.40649608203343
985,5.410730065131674
986,5.408541037111866
987,5.407555030316723
988,5.408514796471109
989,5.406636174844236
990,5.410016726474373
991,5.407307240427757
992,5.407532876851607
993,5.406968111894568
994,5.408684205035774
995,5.4068149498530795
996,5.410884448460171
997,5.407308865566643
998,5.413422506682727
999,5.4067511996444395
996,5.510985583675151
997,5.509427518260722
998,5.510177193855752
999,5.509271845525625
1000,5.505114925150969
1001,5.510178624367227
1002,5.506098139042757
1003,5.507881665716366
1004,5.5021413978265254
1005,5.501988016829198
1006,5.50196285150489
1007,5.503543459639257
1008,5.505511731517558
1009,5.4999260610463665
1010,5.499827876382945
1011,5.498839864925462
1012,5.496628615320946
1013,5.50354486095662
1014,5.496929820703
1015,5.5009749811522815
1016,5.499929559474089
1017,5.499606711523874
1018,5.496456496569575
1019,5.499468263314695
1020,5.4961274546019885
1021,5.498636523071601
1022,5.493087530136108
1023,5.49533333583754
1024,5.494467633111136
1025,5.49708434513637
1026,5.495013533806314
1027,5.495782414261176
1028,5.492928670377148
1029,5.4951938415060235
1030,5.492279685273463
1031,5.495271531903014
1032,5.4941849027361185
1033,5.492456387500374
1034,5.496724561769135
1035,5.494762571490541
1036,5.492455711170119
1037,5.496601469662725
1038,5.494833328285996
1039,5.489735827154043
1040,5.494656781761014
1041,5.490406026645583
1042,5.493872822547446
1043,5.489942745286591
1044,5.489108056438212
1045,5.490833554949079
1046,5.490934376813928
1047,5.490343959964052
1048,5.489530811504442
1049,5.485245904143976
1050,5.489016688599879
1051,5.488877398627145
1052,5.484395358027244
1053,5.485734769276211
1054,5.4913864914251835
1055,5.484671826265296
1056,5.489861619715788
1057,5.48716765520524
1058,5.485505576036414
1059,5.488718018239858
1060,5.48664783944889
1061,5.482921118638953
1062,5.486205568118971
1063,5.4857460333376515
1064,5.484766298410844
1065,5.48711633682251
1066,5.483661977612242
1067,5.485073459391692
1068,5.483957616650328
1069,5.482488296469864
1070,5.484943920252275
1071,5.479811619739143
1072,5.483772224309493
1073,5.486805156785614
1074,5.484486613954816
1075,5.485835265140144
1076,5.480500328297517
1077,5.482533420835223
1078,5.4812330469793205
1079,5.4836353720450886
1080,5.485223711753378
1081,5.48493927838851
1082,5.480584947430358
1083,5.480686421297034
1084,5.484297693992148
1085,5.483691254440619
1086,5.481305896019449
1087,5.475803813155816
1088,5.481911839271079
1089,5.476465682594144
1090,5.47534610300648
1091,5.480797845490125
1092,5.478200878415789
1093,5.478739130253694
1094,5.478617025881397
1095,5.4782960852798155
1096,5.481170338027331
1097,5.4806400902417245
1098,5.4778676860186515
1099,5.473667874628184
1100,5.475904936693152
1101,5.474412275820362
1102,5.4734178319269295
1103,5.477131644073798
1104,5.475938850519609
1105,5.47345629516913
1106,5.474979789889589
1107,5.4787478495617306
1108,5.474177345937612
1109,5.473117565622135
1110,5.471256100401586
1111,5.475346720948512
1112,5.471625853557976
1113,5.474320085681215
1114,5.473527236860626
1115,5.478653319027959
1116,5.471351112638201
1117,5.473476794301247
1118,5.4727844462102775
1119,5.47180656997525
1120,5.476844466462428
1121,5.473563106692567
1122,5.470170337326673
1123,5.469028823229731
1124,5.473268479717021
1125,5.467578649520874
1126,5.474319920247915
1127,5.473599151689179
1128,5.470078351546307
1129,5.473372668636088
1130,5.472424779619489
996,5.405169151267227
997,5.408496447971889
998,5.413399034616899
999,5.408946265979689
1000,5.403309890202114
1001,5.408728293010166
1002,5.409012303060415
1003,5.4100300487206905
1004,5.410781743575115
1005,5.414885336039018
1006,5.41193962097168
1007,5.406089378862965
1008,5.41073827840844
1009,5.4086719191804224
1010,5.40955495347782
1011,5.408035672440821
1012,5.409945872365212
1013,5.4106495477715315
1014,5.409770162738099
1015,5.412009380301651
1016,5.407850143860798
1017,5.412115491166407
1018,5.4089782432634
1019,5.410598983570021
1020,5.409519341527199
1021,5.409090640593548
1022,5.407973474385787
1023,5.410715579986572
1024,5.410872148007763
1025,5.405948118287689
1026,5.407099032888607
1027,5.410032773504452
1028,5.408417229749719
1029,5.412175859723773
1030,5.4086439950125555
1031,5.409596924879113
1032,5.411746059145246
1033,5.405918637100531
1034,5.4112043234766745
1035,5.409265430606141
1036,5.408082631169533
1037,5.40794960819945
1038,5.409262306836187
1039,5.40834277989913
1040,5.408118724822998
1041,5.409040923021277
1042,5.414268075203409
1043,5.40857466386289
1044,5.403957654018791
1045,5.407500145386677
1046,5.412535779330195
1047,5.407788383717439
1048,5.409884788552109
1049,5.412916470547112
1050,5.409837158358827
1051,5.4046492819883385
1052,5.410807220303282
1053,5.4092461138355485
1054,5.40839004030033
1055,5.407931877642262
1056,5.408646744124743
1057,5.413723429855035
1058,5.407199163826144
1059,5.4091404944050065
1060,5.406692699510224
1061,5.406418542472684
1062,5.4098171749893496
1063,5.4087604405928635
1064,5.408753015557114
1065,5.402554901278749
1066,5.407961874592061
1067,5.408121780473358
1068,5.405316717770635
1069,5.409389471521183
1070,5.40870882540333
1071,5.406521140312662
1072,5.406102389705424
1073,5.409168394244447
1074,5.405408343490289
1075,5.40662685705691
1076,5.408263916871985
1077,5.40597035933514
1078,5.407853690945372
1079,5.40667918750218
1080,5.406334794297511
1081,5.410165616444179
1082,5.407096497866572
1083,5.405738592147827
1084,5.409402978663542
1085,5.4079238103360545
1086,5.404984133584159
1087,5.410037931130857
1088,5.406782189194037
1089,5.408239345161283
1090,5.406192614107716
1091,5.40886800629752
1092,5.4081868200886
1093,5.4041635649544855
1094,5.407870239141036
1095,5.408154370833416
1096,5.409105962636519
1097,5.409186951968135
1098,5.409010069710868
1099,5.406961981131106
1100,5.407665909553061
1101,5.4063127527431565
1102,5.409932345760112
1103,5.407275448040086
1104,5.406408660265864
1105,5.409688672240899
1106,5.405012009095173
1107,5.408578021185739
1108,5.406047548566546
1109,5.410436576726485
1110,5.408055232495678
1111,5.406561943949486
1112,5.4053837133913625
1113,5.40914402202684
1114,5.407682243658572
1115,5.409015825816563
1116,5.404767012109562
1117,5.409089258738926
1118,5.406670614164703
1119,5.4076390898957545
1120,5.407479218074253
1121,5.408731027525299
1122,5.410639310369686
1123,5.406985268300893
1124,5.407843438946471
1125,5.408550301376654
1126,5.407563365235621
1127,5.405050511262854
1128,5.407308233027556
1129,5.4081032714065245
1130,5.407657978486042
1131,5.4072553916853305
1132,5.406581893259165
1133,5.4077914831589675
1134,5.406695492413579
1135,5.408601843580907
1136,5.406989326282424
1137,5.408710367825567
1138,5.407441864208299
1139,5.408166865913236
1140,5.405397848207123
1141,5.408124612302196
1142,5.407521471685293
1143,5.408628877328367
1144,5.405603695888908
1145,5.406262412363169
1146,5.40512862984015
1147,5.408932948599056
1148,5.40627570054969
1149,5.406479679808324
1150,5.406320766526825
1151,5.406537235999594
1152,5.405437488945163
1153,5.40726451971093
1154,5.406305755887713
1155,5.407197412179441
1156,5.409041317141786
1157,5.405950045099064
1158,5.405900244810144
1159,5.41046310930836
1160,5.4042589421174965
1161,5.407207498745042
1162,5.406883906344978
1163,5.406387513997603
1164,5.408045374617284
1165,5.405246705425029
1166,5.4088660016351815
1167,5.404877920540011
1168,5.408949735213299
1169,5.40419635480764
1170,5.405177388872419
1171,5.408798154519529
1172,5.406318941894843
1173,5.406152642503077
1174,5.4088651306775155
1175,5.407692665956458
1176,5.407551381052757
1177,5.40600957675856
1178,5.4077633497666335
1179,5.408356535191438
1180,5.404763085501535
1181,5.40548985345023
1182,5.406818920252275
1183,5.40678613039912
1184,5.4070537966124865
1185,5.409763472420829
1186,5.4064635403302255
1187,5.40750172186871
1188,5.404320108647249
1189,5.407761203999422
1190,5.409782210174872
1191,5.406429261577372
1192,5.40766361781529
1193,5.406726452769066
1194,5.405328069414411
1195,5.4075246830375825
1196,5.406992240827911
1197,5.406686753642802
1198,5.4062749025773025
1199,5.405032960736022
1200,5.406784038154447
1201,5.4084727082933695
1202,5.409708655610377
1203,5.405300223097509
1204,5.406713758196149
1205,5.405901548813801
1206,5.405696319074047
1207,5.4074565099210155
1208,5.405308538553666
1209,5.405675201999898
1210,5.4052455814517275
1211,5.4079707933931935
1212,5.404454873532665
1213,5.401432543384786
1214,5.405985029376283
1215,5.4039806687102026
1216,5.407884408016594
1217,5.402619819251859
1218,5.403904136346311
1219,5.404124658934924
1220,5.405718399553883
1221,5.407014559726326
1222,5.404615562789294
1223,5.40637806970246
1224,5.405444665830963
1225,5.405022105392145
1226,5.404476092786205
1227,5.409688545733082
1228,5.406383013238712
1229,5.406992990143445
1230,5.405075963662595
1231,5.403103628937079
1232,5.4044338440408515
1233,5.405890479379771
1234,5.402721750492952
1235,5.406350889984442
1236,5.406328478638007
1237,5.40734643352275
1238,5.405098720472687
1239,5.406200477055141
1240,5.407165099163445
1241,5.40607163370872
1242,5.404532617452193
1243,5.404056257131148
1244,5.403920061734258
1245,5.405504090445382
1246,5.405725328289733
1247,5.406751593764947
1248,5.404407725042226
1249,5.402960027967181
1250,5.405934971206042
1251,5.40620646671373
1252,5.406147733026621
1253,5.409380343495583
1254,5.406746927572756
1255,5.405953509466989
1256,5.406943944035744
1257,5.404125734251373
1258,5.405838747413791
1259,5.403367173915007
1260,5.405828962520677
1261,5.406078489459291
1262,5.405393381508029
1263,5.40720669590697
1264,5.4093186660688755
1265,5.4046357261891265
1266,5.402850053748306
1267,5.404537522062963
1268,5.405795968308741
1269,5.406859427082296
1270,5.407447537597345
1271,5.401966956196999
1272,5.404985583558375
1273,5.404334661911945
1274,5.404716783640336
1275,5.405173150860533
1276,5.405411807858214
1277,5.407279423304966
1278,5.403566851907847
1279,5.401013471642319
1280,5.402224769397658
1281,5.404947378197495
1282,5.40471676904328
1283,5.406284127916608
1284,5.407088853874985
1285,5.402931918903273
1286,5.40275670557606
1287,5.405370240308801
1288,5.4054606933983
1289,5.404206660329079
1290,5.405261560362213
1291,5.403312979912271
1292,5.4064677394166285
1293,5.406997700126803
1294,5.406054915214072
1295,5.4046357018607
1296,5.405162524203865
1297,5.40399737747348
1298,5.405541848163216
1299,5.404743724939775
1300,5.4033633446206855
1301,5.402343205043247
1302,5.404087519159122
1303,5.40443829614289
1304,5.403746332441058
1305,5.405447872317567
1306,5.405341956080223
1307,5.4018416793978945
1308,5.406730102033031
1309,5.404720505889581
1310,5.404076006947731
1311,5.408434478604064
1312,5.402062999958894
1313,5.405637663237902
1314,5.40822391120755
1315,5.406812619189827
1316,5.40548021939336
1317,5.402134710428666
1318,5.4026376714511795
1319,5.404182395156549
1320,5.405207585315315
1321,5.403662774027611
1322,5.405974305405909
1323,5.4062440833266905
1324,5.404617163599754
1325,5.402094081956513
1326,5.407363341779125
1327,5.401086515309859
1328,5.404625221174591
1329,5.4031736412826845
1330,5.40281901067617
1331,5.403987461206865
1332,5.399732575124624
1333,5.402491248383814
1334,5.4026950768062045
1335,5.400761049620959
1336,5.4056666043339945
1337,5.400577890629671
1338,5.406451089041574
1339,5.4054771394145735
1340,5.405404616375359
1341,5.402461533643762
1342,5.401621010838722
1343,5.407599989248782
1344,5.405248437608991
1345,5.404050126367686
1346,5.405288749811601
1347,5.408414962340374
1348,5.404889466811199
1349,5.402506044932774
1350,5.402377508124527
1351,5.400237574869273
1352,5.406048687136903
1353,5.402099137403527
1354,5.399274154585235
1355,5.4025545606807786
1356,5.405438218797956
1357,5.405139718736921
1358,5.402515299466192
1359,5.407393922611159
1360,5.405831356437838
1361,5.405427845156923
1362,5.403221363923987
1363,5.403547827078372
1364,5.405109074650978
1365,5.401718251559199
1366,5.404995222480929
1367,5.400982175554548
1368,5.402965813266988
1369,5.404197790184799
1370,5.402598162086642
1371,5.403685740062168
1372,5.4063540818739915
1373,5.4051691901927095
1374,5.404456196999063
1375,5.404473698869044
1376,5.401247384596844
1377,5.4018323372821415
1378,5.401742798941476
1379,5.4065028161418685
1380,5.407477952996079
1381,5.40536050407254
1382,5.404424594373119
1383,5.4036663308435555
1384,5.4035015057544316
1385,5.399707176247421
1386,5.403176949948681
1387,5.403964475709564
1388,5.4028598727012165
1389,5.403350737630104
1390,5.400919242781036
1391,5.404547452926636
1392,5.404139484677996
1393,5.40329139086665
1394,5.403540231743637
1395,5.400832648179969
1396,5.403974771499634
1397,5.400776634410936
1398,5.402596960262376
1399,5.4040481217053475
1400,5.404030031087447
1401,5.405551015114297
1402,5.4004945560377475
1403,5.402348625416658
1404,5.401665677829665
1405,5.404743374610434
1406,5.405261487376933
1407,5.404404304465469
1408,5.402505981678865
1409,5.401648876618366
1410,5.404589307551482
1411,5.402341487456341
1412,5.399544204984393
1413,5.403679619030076
1414,5.40062757900783
1415,5.402922620578688
1416,5.4021758595291445
1417,5.405375514711652
1418,5.40506988642167
1419,5.405446247178681
1420,5.400000538144793
1421,5.40470967487413
1422,5.402395418712071
1423,5.404104709625244
1424,5.404956798164212
1425,5.4022833376514665
1426,5.40595512974019
1427,5.40492464571583
1428,5.401752666551239
1429,5.403034341578581
1430,5.408737883275869
1431,5.403990395215093
1432,5.403321300234113
1433,5.400711930527979
1434,5.399478206829149
1435,5.402326170279055
1436,5.402638751633313
1437,5.404315520306023
1438,5.405748464623276
1439,5.403477610373984
1440,5.401844083046426
1441,5.404253740699923
1442,5.4011713874583345
1443,5.404315865769679
1444,5.4043318982027015
1445,5.405793014837771
1446,5.402910130364554
1447,5.404031568643998
1448,5.402543822113349
1449,5.4034309338550175
1450,5.399663243974958
1451,5.403207642691476
1452,5.401288460712044
1453,5.406236945366373
1454,5.400104430257057
1455,5.400794686103354
1456,5.401855911527361
1457,5.404517227289628
1458,5.402447393962315
1459,5.4021660357105485
1460,5.400785047180799
1461,5.403386091699406
1462,5.402548050393864
1463,5.404978922435215
1464,5.399875353793709
1465,5.403257890623443
1466,5.405286925179618
1467,5.402517289531474
1468,5.3995772089277
1469,5.402198528756901
1470,5.399038339147762
1471,5.400645221982684
1472,5.403303637796519
1473,5.401448128174763
1474,5.398833167796233
1475,5.402453062485676
1476,5.397961996039566
1477,5.401510963634569
1478,5.403377129107105
1479,5.3994661837208024
1480,5.403141620207806
1481,5.403193829010944
1482,5.399557663469898
1483,5.400786886409837
1484,5.399101802280971
1485,5.402850987959881
1486,5.402048310455011
1487,5.40163145259935
1488,5.402747378057363
1489,5.403823035103934
1490,5.403841879903053
1491,5.400578425855053
1492,5.403528301083312
1493,5.401802875557724
1494,5.401951887169663
1495,5.402246387637391
1496,5.399151471196388
1497,5.398901924795034
1498,5.399901049477713
1499,5.402752725445494
1500,5.403045469400834
1501,5.400712188409299
1502,5.401981947373371
1503,5.404222794941494
1504,5.402158055986677
1505,5.401461056300572
1506,5.402280758838264
1507,5.405046248922543
1508,5.403368940158766
1509,5.400927212773537
1510,5.401636551837532
1511,5.400539388461989
1512,5.400182952686232
1513,5.404117618288312
1514,5.400379920492367
1515,5.404852667633368
1516,5.403088589103854
1517,5.402445554733276
1518,5.402483594660857
1519,5.400204974777845
1520,5.40121071192683
1521,5.403114143682986
1522,5.401383803815258
1523,5.402386675075609
1524,5.403210440460517
1525,5.398217381263266
1526,5.4008039017112885
1527,5.401490206621131
1528,5.400858295207121
1529,5.400336260698279
1530,5.402645816608351
1531,5.4033282824925015
1532,5.4038830290035325
1533,5.4022331140479265
1534,5.400468281337193
1535,5.399759764574012
1536,5.402244392706423
1537,5.40193831190771
1538,5.40330493693449
1539,5.402502784923631
1540,5.4011231733828176
1541,5.399856080814284
1542,5.402052509541414
1543,5.397516834492586
1544,5.3976506797634825
1545,5.402048514813793
1546,5.401784269177184
1547,5.398986003836807
1548,5.396324211237382
1549,5.402296187926312
1550,5.398873878985035
1551,5.399751166908109
1552,5.401654827351472
1553,5.400397850542652
1554,5.401569527022692
1555,5.399983133588519
1556,5.399878779236151
1557,5.398286688084505
1558,5.399259533200945
1559,5.402590187228456
1560,5.403375615878981
1561,5.403147123297867
1562,5.403140462174708
1563,5.404652381429867
1564,5.401064288859465
1565,5.405206052624449
1566,5.400974332069864
1567,5.399546195049675
1568,5.400090164067794
1569,5.401818942050545
1570,5.399045209495389
1571,5.400305893956398
1572,5.401601421589754
1573,5.401753761330429
1574,5.401629209518433
1575,5.402697606962555
1576,5.405070567617611
1577,5.4028104276073226
1578,5.401228247856607
1579,5.397213965046163
1580,5.400950947586371
1581,5.40316485872074
1582,5.401108994775889
1583,5.3999813819418145
1584,5.400438328178561
1585,5.401430811200823
1586,5.398702816087372
1587,5.401593889508929
1588,5.399841352384918
1589,5.40157361906402
1590,5.401941674096244
1591,5.404705816385698
1592,5.399274646019449
1593,5.3977115494864325
1594,5.401319858979206
1595,5.400022496982497
1596,5.397759023977786
1597,5.399011728714924
1598,5.401764572883139
1599,5.403116970646138
1600,5.401303622187401
1601,5.399515395261804
1602,5.40064516359446
1603,5.400738575020615
1604,5.398514621111811
1605,5.397339392681511
1606,5.401584216526577
1607,5.398905384297273
1608,5.396978125280263
1609,5.401090777650172
1610,5.400418729198222
1611,5.401028350907929
1612,5.3988891523711535
1613,5.398802995681763
1614,5.39842574937003
1615,5.39985880073236
1616,5.397684131349836
1617,5.399696788009332
1618,5.398660830089024
1619,5.4005231565358685
1620,5.402813585437074
1621,5.401155729683078
1622,5.397451410488206
1623,5.400876794542585
1624,5.398564800924184
1625,5.40007792200361
1626,5.4028090506183855
1627,5.395830387971839
1628,5.397680881072064
1629,5.40083536323236
1630,5.3989214994469465
1631,5.402729564783525
1632,5.403079091286172
1633,5.403846930484383
1634,5.39961560891599
1635,5.403308527810233
1636,5.400192995460666
1637,5.398261172430856
1638,5.400225216028642
1639,5.400958844593593
1640,5.400240611056892
1641,5.399620275108182
1642,5.399701035752589
1643,5.400260122454896
1644,5.399783713476999
1645,5.402954734101588
1646,5.400134699685233
1647,5.399789177641576
1648,5.397735323224749
1649,5.401707761141719
1650,5.40497443627338
1651,5.399082826108349
1652,5.397885439347248
1653,5.399720050850693
1654,5.400743387183365
1655,5.399024437884895
1656,5.402636732373919
1657,5.399197588161546
1658,5.396765665132172
1659,5.400407285106425
1660,5.399227375886878
1661,5.401629545250717
1662,5.40080156618235
1663,5.395526467537393
1664,5.39743557754828
1665,5.399388833921783
1666,5.400017125265939
1667,5.400625997660112
1668,5.401246693669533
1669,5.39946545386801
1670,5.402194456178314
1671,5.397175521266703
1672,5.398435110948523
1673,5.398682905703175
1674,5.3976448895979905
1675,5.398589158544735
1676,5.400880511926145
1677,5.3995542234304
1678,5.399350842651056
1679,5.40072885338141
1680,5.39904387629762
1681,5.397326153151843
1682,5.400387705588828
1683,5.400483574186053
1684,5.401074861993595
1685,5.399783265833952
1686,5.401153744483481
1687,5.400623292339091
1688,5.398215644213618
1689,5.397759121291491
1690,5.3997272082737515
1691,5.3998759425416285
1692,5.398966181034944
1693,5.397701248830678
1694,5.400033235549927
1695,5.397832632064819
1696,5.4002050380317534
1697,5.397733250442816
1698,5.401422121086899
1699,5.39889560913553
1700,5.400230835895149
1701,5.400823724513152
1702,5.398357707626966
1703,5.398955680886093
1704,5.395507457304974
1705,5.397891424140152
1706,5.397684296783136
1707,5.3976945439163515
1708,5.39948001199839
1709,5.3984416163697535
1710,5.400324042962522
1711,5.399265513128164
1712,5.400192435906858
1713,5.3964603287833075
1714,5.399325774640453
1715,5.400259961887282
1716,5.401438503849263
1717,5.398499941339298
1718,5.398406456927864
1719,5.398263610139185
1720,5.396418469292777
1721,5.3979911560914955
1722,5.397814702014534
1723,5.397164588071862
1724,5.3965272562844415
1725,5.405068893821872
1726,5.4025344216093725
1727,5.3982786061812424
1728,5.396898736759108
1729,5.397587863766417
1730,5.399008259481313
1731,5.401793475053748
1732,5.400043448623346
1733,5.401255023722746
1734,5.399268948301977
1735,5.398989949907575
1736,5.399482902215452
1737,5.3981857786373215
1738,5.403289206173955
1739,5.396840835104183
1740,5.397057747354313
1741,5.4016920157841275
1742,5.397451308308815
1743,5.399175201143537
1744,5.399371127693021
1745,5.397006428971583
1746,5.400356628456894
1747,5.397887181262581
1748,5.399388595503204
1749,5.397308573430898
1750,5.398592525598954
1751,5.397455512260904
1752,5.395436758897742
1753,5.398121386158223
1754,5.397466333544984
1755,5.399359274883659
1756,5.397538238642167
1757,5.40096911118955
1758,5.399866152782829
1759,5.399211358050911
1760,5.397146886708785
1761,5.3989938278587495
1762,5.396609213887428
1763,5.396218650195063
1764,5.398988986501888
1765,5.401811920866674
1766,5.396849170023081
1767,5.3972995086592075
1768,5.399677135506455
1769,5.399209630732634
1770,5.395449769740202
1771,5.3976951277985865
1772,5.3969606672014505
1773,5.397962472876724
1774,5.3969565167719
1775,5.400224972744377
1776,5.401001161458541
1777,5.39967730580544
1778,5.398432065029533
1779,5.40127783892106
1780,5.398424343186981
1781,5.396567208426339
1782,5.397452534461508
1783,5.3954958672426185
1784,5.399818916710055
1785,5.397306364409777
1786,5.398386128094732
1787,5.396570093777715
1788,5.4008306094578336
1789,5.3961628602475535
1790,5.399693883195216
1791,5.398984461414571
1792,5.396658892534217
1793,5.399021859071692
1794,5.398748709231007
1795,5.396267530869465
1796,5.397546106455278
1797,5.397374474272436
1798,5.3999020956000505
1799,5.396925493162506
1800,5.39695608372591
1801,5.397033336211224
1802,5.398747565794964
1803,5.399422854793315
1804,5.399430090067338
1805,5.396833439262545
1806,5.399348949899479
1807,5.396727571682054
1808,5.402069709738907
1809,5.396557292159723
1810,5.398827406824852
1811,5.396467194265249
1812,5.400448380684366
1813,5.400459566894843
1814,5.397036936818337
1815,5.401479468053701
1816,5.397136629844199
1817,5.397606017638226
1818,5.398062890889693
1819,5.3988900379258755
1820,5.398472907591839
1821,5.397127346116669
1822,5.398753998230915
1823,5.396887068845788
1824,5.396859193334774
1825,5.396024446098172
1826,5.397184410873725
1827,5.396629065883403
1828,5.396630180125334
1829,5.399593834974328
1830,5.399832871495461
1831,5.392605416628779
1832,5.3965658654972
1833,5.401486936880618
1834,5.399740496460272
1835,5.398848158972604
1836,5.397543863374359
1837,5.3996683480788255
1838,5.394330895676905
1839,5.39934627377257
1840,5.39777414652766
1841,5.395732889370042
1842,5.400426937609303
1843,5.396402962353765
1844,5.398550432555529
1845,5.399976715749624
1846,5.400315206878039
1847,5.39357328414917
1848,5.397797827817956
1849,5.397444695842509
1850,5.396335640732123
1851,5.400422057326959
1852,5.400038933267399
1853,5.397820759792717
1854,5.3990634850093295
1855,5.400791727766698
1856,5.398846504639606
1857,5.395358528409686
1858,5.397157858829109
1859,5.3998240840678315
1860,5.395197449898233
1861,5.39849040946182
1862,5.400955779211862
1863,5.3962745082621675
1864,5.395846478793086
1865,5.396276186923592
1866,5.39462704074626
1867,5.398074626922607
1868,5.397794489957849
1869,5.39254287311009
1870,5.396401512379549
1871,5.397898357741687
1872,5.398214067731585
1873,5.3970741593107885
1874,5.396446111250897
1875,5.396840689133625
1876,5.397412713693113
1877,5.398031687249943
1878,5.39794811423944
1879,5.3960995771447005
1880,5.3978051409429435
1881,5.396041553847644
1882,5.393816685190006
1883,5.400964313623857
1884,5.3971845325158565
1885,5.3945271190331905
1886,5.3939142178515995
1887,5.399033176655672
1888,5.400964167653298
1889,5.396140794364774
1890,5.395822174695073
1891,5.3959846447925175
1892,5.395957912717547
1893,5.397034056332647
1894,5.3974964715996565
1895,5.398659579607905
1896,5.399023810211493
1897,5.397120806635643
1898,5.3983714629192745
1899,5.395971862637267
1900,5.3981238725234055
1901,5.39487794467381
1902,5.397133880732011
1903,5.393372102659576
1904,5.394857250914281
1905,5.397565822212064
1906,5.396535547412172
1907,5.395726476396833
1908,5.397580516581633
1909,5.393937889410525
1910,5.394557699865224
1911,5.39613245458019
1912,5.395429980998137
1913,5.397512732719888
1914,5.397921138880204
1915,5.398597191791145
1916,5.395323826342213
1917,5.397314640940452
1918,5.396655014583042
1919,5.396572210350815
1920,5.398481534451855
1921,5.397050555871457
1922,5.394808462687901
1923,5.3958078209234746
1924,5.397300700752103
1925,5.397052215070141
1926,5.3974758362283515
1927,5.398009086141781
1928,5.396712609699795
1929,5.396836290554124
1930,5.3985384483726655
1931,5.396017424914302
1932,5.398940611858757
1933,5.396567850696798
1934,5.397498159992452
1935,5.39741613426987
1936,5.397282770701817
1937,5.396451035324408
1938,5.396186711836834
1939,5.396645030196832
1940,5.397718332251724
1941,5.398770702128508
1942,5.398527836313053
1943,5.394421699095745
1944,5.39584266409582
1945,5.395568993626808
1946,5.396372084714929
1947,5.3965674760390305
1948,5.396478380475726
1949,5.39546900865983
1950,5.3962401078671824
1951,5.395752502947437
1952,5.398839955427209
1953,5.3959983757564
1954,5.3972451930143395
1955,5.396511671494465
1956,5.397157377126265
1957,5.39819260519378
1958,5.3958960455291125
1959,5.396244049072266
1960,5.3955899112078605
1961,5.393951600911666
1962,5.395115283070778
1963,5.393137221433679
1964,5.394649057972188
1965,5.395429606340369
1966,5.395117954332001
1967,5.393572335340539
1968,5.3955199815789046
1969,5.398015474786564
1970,5.394254660119816
1971,5.392982979210055
1972,5.396219939601664
1973,5.397286400503042
1974,5.393227650194752
1975,5.3983951442095695
1976,5.395411520588155
1977,5.396442564166322
1978,5.396912822918016
1979,5.395245970511923
1980,5.395467111042568
1981,5.398398593980438
1982,5.39897524094095
1983,5.3960539418823865
1984,5.39352383418959
1985,5.39786189429614
1986,5.392247540610177
1987,5.396933682110845
1988,5.397293591985897
1989,5.393431707304352
1990,5.39712828519393
1991,5.393486908503941
1992,5.398244332294075
1993,5.395180327551706
1994,5.397662955887464
1995,5.394835374793228
1996,5.397640982452704
1997,5.395727658758358
1998,5.397473860760124
1999,5.3960893786683375
debug | INFO flwr 2024-11-11 20:08:34,280 | app.py:193 | Starting Flower simulation, config: num_rounds=1000, no round_timeout
debug | INFO flwr 2024-11-11 20:08:37,276 | app.py:228 | Flower VCE: Ray initialized with resources: {'memory': 8368399975.0, 'node:127.0.0.1': 1.0, 'object_store_memory': 2147483648.0, 'CPU': 8.0, 'node:__internal_head__': 1.0}
debug | INFO flwr 2024-11-11 20:08:37,276 | app.py:234 | Optimize your simulation with Flower VCE: https://flower.ai/docs/framework/how-to-run-simulations.html
debug | INFO flwr 2024-11-11 20:08:37,276 | app.py:257 | Flower VCE: Resources for each Virtual Client: {'num_cpus': 2, 'num_gpus': 0.2}
debug | WARNING flwr 2024-11-11 20:08:37,280 | ray_actor.py:124 | The ActorPool is empty. The system (CPUs=8.0, GPUs=0) does not meet the criteria to host at least one client with resources: {'num_cpus': 2, 'num_gpus': 0.2}. Lowering the `client_resources` could help.
debug | INFO flwr 2024-11-11 20:09:49,837 | app.py:193 | Starting Flower simulation, config: num_rounds=1000, no round_timeout
debug | INFO flwr 2024-11-11 20:09:53,291 | app.py:228 | Flower VCE: Ray initialized with resources: {'memory': 8146419712.0, 'node:127.0.0.1': 1.0, 'CPU': 8.0, 'node:__internal_head__': 1.0, 'object_store_memory': 2147483648.0}
debug | INFO flwr 2024-11-11 20:09:53,292 | app.py:234 | Optimize your simulation with Flower VCE: https://flower.ai/docs/framework/how-to-run-simulations.html
debug | INFO flwr 2024-11-11 20:09:53,292 | app.py:257 | Flower VCE: Resources for each Virtual Client: {'num_cpus': 2, 'num_gpus': 0}
debug | INFO flwr 2024-11-11 20:09:53,312 | app.py:303 | Flower VCE: Creating VirtualClientEngineActorPool with 4 actors
debug | INFO flwr 2024-11-11 20:09:53,312 | server.py:92 | [INIT]
debug | INFO flwr 2024-11-11 20:09:53,312 | server.py:279 | Requesting initial parameters from one random client
debug | INFO flwr 2024-11-11 20:09:57,454 | server.py:286 | Received initial parameters from one random client
debug | INFO flwr 2024-11-11 20:09:57,454 | server.py:94 | Evaluating initial global parameters
debug | INFO flwr 2024-11-11 20:09:57,455 | server.py:110 | 
debug | INFO flwr 2024-11-11 20:09:57,455 | server.py:111 | [ROUND 1]
debug | INFO flwr 2024-11-11 20:09:57,455 | server.py:224 | configure_fit: strategy sampled 5 clients (out of 5)
debug | INFO flwr 2024-11-11 20:14:47,573 | app.py:193 | Starting Flower simulation, config: num_rounds=1000, no round_timeout
debug | INFO flwr 2024-11-11 20:14:49,883 | app.py:228 | Flower VCE: Ray initialized with resources: {'memory': 5363777536.0, 'object_store_memory': 2147483648.0, 'node:__internal_head__': 1.0, 'node:127.0.0.1': 1.0, 'CPU': 8.0}
debug | INFO flwr 2024-11-11 20:14:49,883 | app.py:234 | Optimize your simulation with Flower VCE: https://flower.ai/docs/framework/how-to-run-simulations.html
debug | INFO flwr 2024-11-11 20:14:49,884 | app.py:257 | Flower VCE: Resources for each Virtual Client: {'num_cpus': 2, 'num_gpus': 0}
debug | INFO flwr 2024-11-11 20:14:49,895 | app.py:303 | Flower VCE: Creating VirtualClientEngineActorPool with 4 actors
debug | INFO flwr 2024-11-11 20:14:49,895 | server.py:92 | [INIT]
debug | INFO flwr 2024-11-11 20:14:49,895 | server.py:279 | Requesting initial parameters from one random client
debug | INFO flwr 2024-11-11 20:14:53,816 | server.py:286 | Received initial parameters from one random client
debug | INFO flwr 2024-11-11 20:14:53,816 | server.py:94 | Evaluating initial global parameters
debug | INFO flwr 2024-11-11 20:14:53,817 | server.py:110 | 
debug | INFO flwr 2024-11-11 20:14:53,817 | server.py:111 | [ROUND 1]
debug | INFO flwr 2024-11-11 20:14:53,817 | server.py:224 | configure_fit: strategy sampled 5 clients (out of 5)
debug | INFO flwr 2024-11-11 20:16:09,788 | app.py:193 | Starting Flower simulation, config: num_rounds=1000, no round_timeout
debug | INFO flwr 2024-11-11 20:16:12,877 | app.py:228 | Flower VCE: Ray initialized with resources: {'CPU': 8.0, 'node:127.0.0.1': 1.0, 'node:__internal_head__': 1.0, 'object_store_memory': 2147483648.0, 'memory': 8338864538.0}
debug | INFO flwr 2024-11-11 20:16:12,878 | app.py:234 | Optimize your simulation with Flower VCE: https://flower.ai/docs/framework/how-to-run-simulations.html
debug | INFO flwr 2024-11-11 20:16:12,878 | app.py:257 | Flower VCE: Resources for each Virtual Client: {'num_cpus': 2, 'num_gpus': 0}
debug | INFO flwr 2024-11-11 20:16:12,887 | app.py:303 | Flower VCE: Creating VirtualClientEngineActorPool with 4 actors
debug | INFO flwr 2024-11-11 20:16:12,888 | server.py:92 | [INIT]
debug | INFO flwr 2024-11-11 20:16:12,888 | server.py:279 | Requesting initial parameters from one random client
debug | ERROR flwr 2024-11-11 20:16:15,579 | ray_client_proxy.py:85 | Traceback (most recent call last):
  File "/Users/arjunarasappan/Documents/Flower 2024 Internship/fedSSL-research/venv/lib/python3.10/site-packages/flwr/simulation/ray_transport/ray_client_proxy.py", line 73, in _submit_job
    out_mssg, updated_context = self.actor_pool.get_client_result(
  File "/Users/arjunarasappan/Documents/Flower 2024 Internship/fedSSL-research/venv/lib/python3.10/site-packages/flwr/simulation/ray_transport/ray_actor.py", line 399, in get_client_result
    return self._fetch_future_result(cid)
  File "/Users/arjunarasappan/Documents/Flower 2024 Internship/fedSSL-research/venv/lib/python3.10/site-packages/flwr/simulation/ray_transport/ray_actor.py", line 280, in _fetch_future_result
    res_cid, out_mssg, updated_context = ray.get(
  File "/Users/arjunarasappan/Documents/Flower 2024 Internship/fedSSL-research/venv/lib/python3.10/site-packages/ray/_private/auto_init_hook.py", line 21, in auto_init_wrapper
    return fn(*args, **kwargs)
  File "/Users/arjunarasappan/Documents/Flower 2024 Internship/fedSSL-research/venv/lib/python3.10/site-packages/ray/_private/client_mode_hook.py", line 103, in wrapper
    return func(*args, **kwargs)
  File "/Users/arjunarasappan/Documents/Flower 2024 Internship/fedSSL-research/venv/lib/python3.10/site-packages/ray/_private/worker.py", line 2667, in get
    values, debugger_breakpoint = worker.get_objects(object_refs, timeout=timeout)
  File "/Users/arjunarasappan/Documents/Flower 2024 Internship/fedSSL-research/venv/lib/python3.10/site-packages/ray/_private/worker.py", line 864, in get_objects
    raise value.as_instanceof_cause()
ray.exceptions.RayTaskError(ClientAppException): [36mray::ClientAppActor.run()[39m (pid=11839, ip=127.0.0.1, actor_id=3290868afb3c564f46f2fc1701000000, repr=<flwr.simulation.ray_transport.ray_actor.ClientAppActor object at 0x107fa1b10>)
  File "/Users/arjunarasappan/Documents/Flower 2024 Internship/fedSSL-research/venv/lib/python3.10/site-packages/flwr/client/client_app.py", line 98, in __call__
    return self._call(message, context)
  File "/Users/arjunarasappan/Documents/Flower 2024 Internship/fedSSL-research/venv/lib/python3.10/site-packages/flwr/client/client_app.py", line 81, in ffn
    out_message = handle_legacy_message_from_msgtype(
  File "/Users/arjunarasappan/Documents/Flower 2024 Internship/fedSSL-research/venv/lib/python3.10/site-packages/flwr/client/message_handler/message_handler.py", line 96, in handle_legacy_message_from_msgtype
    client = client_fn(str(message.metadata.partition_id))
  File "/Users/arjunarasappan/Documents/Flower 2024 Internship/fedSSL-research/client.py", line 139, in client_fn
    train, test = utils.load_partition(fds, clientID, client_test_split = 0)
  File "/Users/arjunarasappan/Documents/Flower 2024 Internship/fedSSL-research/utils.py", line 53, in load_partition
    partition = fds.load_partition(partition_id, "train")
  File "/Users/arjunarasappan/Documents/Flower 2024 Internship/fedSSL-research/venv/lib/python3.10/site-packages/flwr_datasets/federated_dataset.py", line 169, in load_partition
    partition = partitioner.load_partition(partition_id)
  File "/Users/arjunarasappan/Documents/Flower 2024 Internship/fedSSL-research/partitioner.py", line 68, in load_partition
    return shuffled_dataset.select(range(start_idx, end_idx))
UnboundLocalError: local variable 'shuffled_dataset' referenced before assignment

The above exception was the direct cause of the following exception:

[36mray::ClientAppActor.run()[39m (pid=11839, ip=127.0.0.1, actor_id=3290868afb3c564f46f2fc1701000000, repr=<flwr.simulation.ray_transport.ray_actor.ClientAppActor object at 0x107fa1b10>)
  File "/Users/arjunarasappan/Documents/Flower 2024 Internship/fedSSL-research/venv/lib/python3.10/site-packages/flwr/simulation/ray_transport/ray_actor.py", line 64, in run
    raise ClientAppException(str(ex)) from ex
flwr.client.client_app.ClientAppException: 
Exception ClientAppException occurred. Message: local variable 'shuffled_dataset' referenced before assignment

debug | ERROR flwr 2024-11-11 20:16:15,579 | ray_client_proxy.py:86 | [36mray::ClientAppActor.run()[39m (pid=11839, ip=127.0.0.1, actor_id=3290868afb3c564f46f2fc1701000000, repr=<flwr.simulation.ray_transport.ray_actor.ClientAppActor object at 0x107fa1b10>)
  File "/Users/arjunarasappan/Documents/Flower 2024 Internship/fedSSL-research/venv/lib/python3.10/site-packages/flwr/client/client_app.py", line 98, in __call__
    return self._call(message, context)
  File "/Users/arjunarasappan/Documents/Flower 2024 Internship/fedSSL-research/venv/lib/python3.10/site-packages/flwr/client/client_app.py", line 81, in ffn
    out_message = handle_legacy_message_from_msgtype(
  File "/Users/arjunarasappan/Documents/Flower 2024 Internship/fedSSL-research/venv/lib/python3.10/site-packages/flwr/client/message_handler/message_handler.py", line 96, in handle_legacy_message_from_msgtype
    client = client_fn(str(message.metadata.partition_id))
  File "/Users/arjunarasappan/Documents/Flower 2024 Internship/fedSSL-research/client.py", line 139, in client_fn
    train, test = utils.load_partition(fds, clientID, client_test_split = 0)
  File "/Users/arjunarasappan/Documents/Flower 2024 Internship/fedSSL-research/utils.py", line 53, in load_partition
    partition = fds.load_partition(partition_id, "train")
  File "/Users/arjunarasappan/Documents/Flower 2024 Internship/fedSSL-research/venv/lib/python3.10/site-packages/flwr_datasets/federated_dataset.py", line 169, in load_partition
    partition = partitioner.load_partition(partition_id)
  File "/Users/arjunarasappan/Documents/Flower 2024 Internship/fedSSL-research/partitioner.py", line 68, in load_partition
    return shuffled_dataset.select(range(start_idx, end_idx))
UnboundLocalError: local variable 'shuffled_dataset' referenced before assignment

The above exception was the direct cause of the following exception:

[36mray::ClientAppActor.run()[39m (pid=11839, ip=127.0.0.1, actor_id=3290868afb3c564f46f2fc1701000000, repr=<flwr.simulation.ray_transport.ray_actor.ClientAppActor object at 0x107fa1b10>)
  File "/Users/arjunarasappan/Documents/Flower 2024 Internship/fedSSL-research/venv/lib/python3.10/site-packages/flwr/simulation/ray_transport/ray_actor.py", line 64, in run
    raise ClientAppException(str(ex)) from ex
flwr.client.client_app.ClientAppException: 
Exception ClientAppException occurred. Message: local variable 'shuffled_dataset' referenced before assignment
debug | ERROR flwr 2024-11-11 20:16:15,582 | app.py:328 | [36mray::ClientAppActor.run()[39m (pid=11839, ip=127.0.0.1, actor_id=3290868afb3c564f46f2fc1701000000, repr=<flwr.simulation.ray_transport.ray_actor.ClientAppActor object at 0x107fa1b10>)
  File "/Users/arjunarasappan/Documents/Flower 2024 Internship/fedSSL-research/venv/lib/python3.10/site-packages/flwr/client/client_app.py", line 98, in __call__
    return self._call(message, context)
  File "/Users/arjunarasappan/Documents/Flower 2024 Internship/fedSSL-research/venv/lib/python3.10/site-packages/flwr/client/client_app.py", line 81, in ffn
    out_message = handle_legacy_message_from_msgtype(
  File "/Users/arjunarasappan/Documents/Flower 2024 Internship/fedSSL-research/venv/lib/python3.10/site-packages/flwr/client/message_handler/message_handler.py", line 96, in handle_legacy_message_from_msgtype
    client = client_fn(str(message.metadata.partition_id))
  File "/Users/arjunarasappan/Documents/Flower 2024 Internship/fedSSL-research/client.py", line 139, in client_fn
    train, test = utils.load_partition(fds, clientID, client_test_split = 0)
  File "/Users/arjunarasappan/Documents/Flower 2024 Internship/fedSSL-research/utils.py", line 53, in load_partition
    partition = fds.load_partition(partition_id, "train")
  File "/Users/arjunarasappan/Documents/Flower 2024 Internship/fedSSL-research/venv/lib/python3.10/site-packages/flwr_datasets/federated_dataset.py", line 169, in load_partition
    partition = partitioner.load_partition(partition_id)
  File "/Users/arjunarasappan/Documents/Flower 2024 Internship/fedSSL-research/partitioner.py", line 68, in load_partition
    return shuffled_dataset.select(range(start_idx, end_idx))
UnboundLocalError: local variable 'shuffled_dataset' referenced before assignment

The above exception was the direct cause of the following exception:

[36mray::ClientAppActor.run()[39m (pid=11839, ip=127.0.0.1, actor_id=3290868afb3c564f46f2fc1701000000, repr=<flwr.simulation.ray_transport.ray_actor.ClientAppActor object at 0x107fa1b10>)
  File "/Users/arjunarasappan/Documents/Flower 2024 Internship/fedSSL-research/venv/lib/python3.10/site-packages/flwr/simulation/ray_transport/ray_actor.py", line 64, in run
    raise ClientAppException(str(ex)) from ex
flwr.client.client_app.ClientAppException: 
Exception ClientAppException occurred. Message: local variable 'shuffled_dataset' referenced before assignment
debug | ERROR flwr 2024-11-11 20:16:15,583 | app.py:329 | Traceback (most recent call last):
  File "/Users/arjunarasappan/Documents/Flower 2024 Internship/fedSSL-research/venv/lib/python3.10/site-packages/flwr/simulation/app.py", line 323, in start_simulation
    hist = run_fl(
  File "/Users/arjunarasappan/Documents/Flower 2024 Internship/fedSSL-research/venv/lib/python3.10/site-packages/flwr/server/server.py", line 490, in run_fl
    hist, elapsed_time = server.fit(
  File "/Users/arjunarasappan/Documents/Flower 2024 Internship/fedSSL-research/venv/lib/python3.10/site-packages/flwr/server/server.py", line 93, in fit
    self.parameters = self._get_initial_parameters(server_round=0, timeout=timeout)
  File "/Users/arjunarasappan/Documents/Flower 2024 Internship/fedSSL-research/venv/lib/python3.10/site-packages/flwr/server/server.py", line 282, in _get_initial_parameters
    get_parameters_res = random_client.get_parameters(
  File "/Users/arjunarasappan/Documents/Flower 2024 Internship/fedSSL-research/venv/lib/python3.10/site-packages/flwr/simulation/ray_transport/ray_client_proxy.py", line 148, in get_parameters
    message_out = self._submit_job(message, timeout)
  File "/Users/arjunarasappan/Documents/Flower 2024 Internship/fedSSL-research/venv/lib/python3.10/site-packages/flwr/simulation/ray_transport/ray_client_proxy.py", line 87, in _submit_job
    raise ex
  File "/Users/arjunarasappan/Documents/Flower 2024 Internship/fedSSL-research/venv/lib/python3.10/site-packages/flwr/simulation/ray_transport/ray_client_proxy.py", line 73, in _submit_job
    out_mssg, updated_context = self.actor_pool.get_client_result(
  File "/Users/arjunarasappan/Documents/Flower 2024 Internship/fedSSL-research/venv/lib/python3.10/site-packages/flwr/simulation/ray_transport/ray_actor.py", line 399, in get_client_result
    return self._fetch_future_result(cid)
  File "/Users/arjunarasappan/Documents/Flower 2024 Internship/fedSSL-research/venv/lib/python3.10/site-packages/flwr/simulation/ray_transport/ray_actor.py", line 280, in _fetch_future_result
    res_cid, out_mssg, updated_context = ray.get(
  File "/Users/arjunarasappan/Documents/Flower 2024 Internship/fedSSL-research/venv/lib/python3.10/site-packages/ray/_private/auto_init_hook.py", line 21, in auto_init_wrapper
    return fn(*args, **kwargs)
  File "/Users/arjunarasappan/Documents/Flower 2024 Internship/fedSSL-research/venv/lib/python3.10/site-packages/ray/_private/client_mode_hook.py", line 103, in wrapper
    return func(*args, **kwargs)
  File "/Users/arjunarasappan/Documents/Flower 2024 Internship/fedSSL-research/venv/lib/python3.10/site-packages/ray/_private/worker.py", line 2667, in get
    values, debugger_breakpoint = worker.get_objects(object_refs, timeout=timeout)
  File "/Users/arjunarasappan/Documents/Flower 2024 Internship/fedSSL-research/venv/lib/python3.10/site-packages/ray/_private/worker.py", line 864, in get_objects
    raise value.as_instanceof_cause()
ray.exceptions.RayTaskError(ClientAppException): [36mray::ClientAppActor.run()[39m (pid=11839, ip=127.0.0.1, actor_id=3290868afb3c564f46f2fc1701000000, repr=<flwr.simulation.ray_transport.ray_actor.ClientAppActor object at 0x107fa1b10>)
  File "/Users/arjunarasappan/Documents/Flower 2024 Internship/fedSSL-research/venv/lib/python3.10/site-packages/flwr/client/client_app.py", line 98, in __call__
    return self._call(message, context)
  File "/Users/arjunarasappan/Documents/Flower 2024 Internship/fedSSL-research/venv/lib/python3.10/site-packages/flwr/client/client_app.py", line 81, in ffn
    out_message = handle_legacy_message_from_msgtype(
  File "/Users/arjunarasappan/Documents/Flower 2024 Internship/fedSSL-research/venv/lib/python3.10/site-packages/flwr/client/message_handler/message_handler.py", line 96, in handle_legacy_message_from_msgtype
    client = client_fn(str(message.metadata.partition_id))
  File "/Users/arjunarasappan/Documents/Flower 2024 Internship/fedSSL-research/client.py", line 139, in client_fn
    train, test = utils.load_partition(fds, clientID, client_test_split = 0)
  File "/Users/arjunarasappan/Documents/Flower 2024 Internship/fedSSL-research/utils.py", line 53, in load_partition
    partition = fds.load_partition(partition_id, "train")
  File "/Users/arjunarasappan/Documents/Flower 2024 Internship/fedSSL-research/venv/lib/python3.10/site-packages/flwr_datasets/federated_dataset.py", line 169, in load_partition
    partition = partitioner.load_partition(partition_id)
  File "/Users/arjunarasappan/Documents/Flower 2024 Internship/fedSSL-research/partitioner.py", line 68, in load_partition
    return shuffled_dataset.select(range(start_idx, end_idx))
UnboundLocalError: local variable 'shuffled_dataset' referenced before assignment

The above exception was the direct cause of the following exception:

[36mray::ClientAppActor.run()[39m (pid=11839, ip=127.0.0.1, actor_id=3290868afb3c564f46f2fc1701000000, repr=<flwr.simulation.ray_transport.ray_actor.ClientAppActor object at 0x107fa1b10>)
  File "/Users/arjunarasappan/Documents/Flower 2024 Internship/fedSSL-research/venv/lib/python3.10/site-packages/flwr/simulation/ray_transport/ray_actor.py", line 64, in run
    raise ClientAppException(str(ex)) from ex
flwr.client.client_app.ClientAppException: 
Exception ClientAppException occurred. Message: local variable 'shuffled_dataset' referenced before assignment

debug | ERROR flwr 2024-11-11 20:16:15,583 | app.py:330 | Your simulation crashed :(. This could be because of several reasons. The most common are: 
	 > Sometimes, issues in the simulation code itself can cause crashes. It's always a good idea to double-check your code for any potential bugs or inconsistencies that might be contributing to the problem. For example: 
		 - You might be using a class attribute in your clients that hasn't been defined.
		 - There could be an incorrect method call to a 3rd party library (e.g., PyTorch).
		 - The return types of methods in your clients/strategies might be incorrect.
	 > Your system couldn't fit a single VirtualClient: try lowering `client_resources`.
	 > All the actors in your pool crashed. This could be because: 
		 - You clients hit an out-of-memory (OOM) error and actors couldn't recover from it. Try launching your simulation with more generous `client_resources` setting (i.e. it seems {'num_cpus': 2, 'num_gpus': 0} is not enough for your run). Use fewer concurrent actors. 
		 - You were running a multi-node simulation and all worker nodes disconnected. The head node might still be alive but cannot accommodate any actor with resources: {'num_cpus': 2, 'num_gpus': 0}.
Take a look at the Flower simulation examples for guidance <https://flower.ai/docs/framework/how-to-run-simulations.html>.
debug | INFO flwr 2024-11-11 20:19:35,105 | app.py:193 | Starting Flower simulation, config: num_rounds=1000, no round_timeout
debug | INFO flwr 2024-11-11 20:19:38,195 | app.py:228 | Flower VCE: Ray initialized with resources: {'memory': 5531095860.0, 'node:__internal_head__': 1.0, 'node:127.0.0.1': 1.0, 'CPU': 8.0, 'object_store_memory': 2147483648.0}
debug | INFO flwr 2024-11-11 20:19:38,195 | app.py:234 | Optimize your simulation with Flower VCE: https://flower.ai/docs/framework/how-to-run-simulations.html
debug | INFO flwr 2024-11-11 20:19:38,195 | app.py:257 | Flower VCE: Resources for each Virtual Client: {'num_cpus': 2, 'num_gpus': 0}
debug | INFO flwr 2024-11-11 20:19:38,204 | app.py:303 | Flower VCE: Creating VirtualClientEngineActorPool with 4 actors
debug | INFO flwr 2024-11-11 20:19:38,204 | server.py:92 | [INIT]
debug | INFO flwr 2024-11-11 20:19:38,204 | server.py:279 | Requesting initial parameters from one random client
debug | INFO flwr 2024-11-11 20:19:41,548 | server.py:286 | Received initial parameters from one random client
debug | INFO flwr 2024-11-11 20:19:41,548 | server.py:94 | Evaluating initial global parameters
debug | INFO flwr 2024-11-11 20:19:41,548 | server.py:110 | 
debug | INFO flwr 2024-11-11 20:19:41,548 | server.py:111 | [ROUND 1]
debug | INFO flwr 2024-11-11 20:19:41,548 | server.py:224 | configure_fit: strategy sampled 5 clients (out of 5)
debug | INFO flwr 2024-11-11 21:51:51,978 | app.py:193 | Starting Flower simulation, config: num_rounds=1000, no round_timeout
debug | INFO flwr 2024-11-11 21:51:54,449 | app.py:228 | Flower VCE: Ray initialized with resources: {'CPU': 8.0, 'node:127.0.0.1': 1.0, 'object_store_memory': 2147483648.0, 'node:__internal_head__': 1.0, 'memory': 8295704167.0}
debug | INFO flwr 2024-11-11 21:51:54,449 | app.py:234 | Optimize your simulation with Flower VCE: https://flower.ai/docs/framework/how-to-run-simulations.html
debug | INFO flwr 2024-11-11 21:51:54,449 | app.py:257 | Flower VCE: Resources for each Virtual Client: {'num_cpus': 2, 'num_gpus': 0}
debug | INFO flwr 2024-11-11 21:51:54,476 | app.py:303 | Flower VCE: Creating VirtualClientEngineActorPool with 4 actors
debug | INFO flwr 2024-11-11 21:51:54,477 | server.py:92 | [INIT]
debug | INFO flwr 2024-11-11 21:51:54,477 | server.py:279 | Requesting initial parameters from one random client
debug | INFO flwr 2024-11-11 21:51:58,371 | server.py:286 | Received initial parameters from one random client
debug | INFO flwr 2024-11-11 21:51:58,372 | server.py:94 | Evaluating initial global parameters
debug | INFO flwr 2024-11-11 21:51:58,372 | server.py:110 | 
debug | INFO flwr 2024-11-11 21:51:58,372 | server.py:111 | [ROUND 1]
debug | INFO flwr 2024-11-11 21:51:58,372 | server.py:224 | configure_fit: strategy sampled 5 clients (out of 5)
